g:/uefi_edk2_practice/Build/AppPkg/RELEASE_VS2015x86/X64/MdePkg/Library/BasePcdLibNull/BasePcdLibNull/OUTPUT/BasePcdLibNull.lib
g:/uefi_edk2_practice/Build/AppPkg/RELEASE_VS2015x86/X64/MdePkg/Library/BaseDebugLibNull/BaseDebugLibNull/OUTPUT/BaseDebugLibNull.lib
g:/uefi_edk2_practice/Build/AppPkg/RELEASE_VS2015x86/X64/MdePkg/Library/BaseMemoryLib/BaseMemoryLib/OUTPUT/BaseMemoryLib.lib
g:/uefi_edk2_practice/Build/AppPkg/RELEASE_VS2015x86/X64/MdePkg/Library/BaseLib/BaseLib/OUTPUT/BaseLib.lib
g:/uefi_edk2_practice/Build/AppPkg/RELEASE_VS2015x86/X64/MdePkg/Library/UefiBootServicesTableLib/UefiBootServicesTableLib/OUTPUT/UefiBootServicesTableLib.lib
g:/uefi_edk2_practice/Build/AppPkg/RELEASE_VS2015x86/X64/MdePkg/Library/UefiMemoryAllocationLib/UefiMemoryAllocationLib/OUTPUT/UefiMemoryAllocationLib.lib
g:/uefi_edk2_practice/Build/AppPkg/RELEASE_VS2015x86/X64/MdePkg/Library/BasePrintLib/BasePrintLib/OUTPUT/BasePrintLib.lib
g:/uefi_edk2_practice/Build/AppPkg/RELEASE_VS2015x86/X64/MdePkg/Library/UefiRuntimeServicesTableLib/UefiRuntimeServicesTableLib/OUTPUT/UefiRuntimeServicesTableLib.lib
g:/uefi_edk2_practice/Build/AppPkg/RELEASE_VS2015x86/X64/MdePkg/Library/UefiDevicePathLib/UefiDevicePathLib/OUTPUT/UefiDevicePathLib.lib
g:/uefi_edk2_practice/Build/AppPkg/RELEASE_VS2015x86/X64/MdeModulePkg/Library/UefiHiiServicesLib/UefiHiiServicesLib/OUTPUT/UefiHiiServicesLib.lib
g:/uefi_edk2_practice/Build/AppPkg/RELEASE_VS2015x86/X64/MdePkg/Library/UefiLib/UefiLib/OUTPUT/UefiLib.lib
g:/uefi_edk2_practice/Build/AppPkg/RELEASE_VS2015x86/X64/MdePkg/Library/BasePeCoffGetEntryPointLib/BasePeCoffGetEntryPointLib/OUTPUT/BasePeCoffGetEntryPointLib.lib
g:/uefi_edk2_practice/Build/AppPkg/RELEASE_VS2015x86/X64/MdeModulePkg/Library/UefiSortLib/UefiSortLib/OUTPUT/UefiSortLib.lib
g:/uefi_edk2_practice/Build/AppPkg/RELEASE_VS2015x86/X64/MdePkg/Library/UefiFileHandleLib/UefiFileHandleLib/OUTPUT/UefiFileHandleLib.lib
g:/uefi_edk2_practice/Build/AppPkg/RELEASE_VS2015x86/X64/MdeModulePkg/Library/UefiHiiLib/UefiHiiLib/OUTPUT/UefiHiiLib.lib
g:/uefi_edk2_practice/Build/AppPkg/RELEASE_VS2015x86/X64/ShellPkg/Library/UefiHandleParsingLib/UefiHandleParsingLib/OUTPUT/UefiHandleParsingLib.lib
g:/uefi_edk2_practice/Build/AppPkg/RELEASE_VS2015x86/X64/ShellPkg/Library/UefiShellLib/UefiShellLib/OUTPUT/UefiShellLib.lib
g:/uefi_edk2_practice/Build/AppPkg/RELEASE_VS2015x86/X64/MdePkg/Library/UefiApplicationEntryPoint/UefiApplicationEntryPoint/OUTPUT/UefiApplicationEntryPoint.lib
g:/uefi_edk2_practice/Build/AppPkg/RELEASE_VS2015x86/X64/MdePkg/Library/BaseIoLibIntrinsic/BaseIoLibIntrinsic/OUTPUT/BaseIoLibIntrinsic.lib
g:/uefi_edk2_practice/Build/AppPkg/RELEASE_VS2015x86/X64/ShellPkg/Library/UefiShellCommandLib/UefiShellCommandLib/OUTPUT/UefiShellCommandLib.lib
g:/uefi_edk2_practice/Build/AppPkg/RELEASE_VS2015x86/X64/MyPkg/Application/SpdRead/SpdRead/OUTPUT/MySpdRead.lib