2020/10/19 10:11:50 Starting cygwin install, version 2.905
2020/10/19 10:11:50 User has backup/restore rights
2020/10/19 10:11:50 io_stream_cygfile: fopen(/etc/setup/setup.rc) failed 2 No such file or directory
2020/10/19 10:11:50 Current Directory: C:\Users\Anthony_Teng\Downloads
2020/10/19 10:11:50 Could not open service McShield for query, start and stop. McAfee may not be installed, or we don't have access.
2020/10/19 10:11:57 source: network install
2020/10/19 10:11:59 root: C:\cygwin64 system
2020/10/19 10:12:02 Selected local directory: C:\Users\Anthony_Teng\Downloads
2020/10/19 10:12:08 net: Preconfig
2020/10/19 10:12:20 site: http://cygwin.mirror.constant.com/
2020/10/19 10:12:47 io_stream_cygfile: fopen(/etc/setup/timestamp) failed 2 No such file or directory
2020/10/19 10:12:47 io_stream_cygfile: fopen(/etc/setup/installed.db) failed 2 No such file or directory
2020/10/19 10:12:48 solving: 37 tasks, update: yes, use test packages: no
2020/10/19 10:17:07 net: Direct
2020/10/19 10:17:10 site: http://cygwin.mirror.constant.com/
2020/10/19 10:17:12 io_stream_cygfile: fopen(/etc/setup/installed.db) failed 2 No such file or directory
2020/10/19 10:17:26 solving: 0 tasks, update: no, use test packages: no
2020/10/19 10:17:26 Augmented Transaction List:
2020/10/19 10:17:26    0 install base-cygwin     3.8-1          
2020/10/19 10:17:26    1 install cygwin          3.1.7-1        
2020/10/19 10:17:26    2 install terminfo        6.1-1.20190727 
2020/10/19 10:17:26    3 install tzdata          2020c-1        
2020/10/19 10:17:26    4 install libpipeline1    1.5.1-1        
2020/10/19 10:17:26    5 install libpopt-common  1.16-2         
2020/10/19 10:17:26    6 install libffi6         3.2.1-2        
2020/10/19 10:17:26    7 install libtasn1_6      4.14-1         
2020/10/19 10:17:26    8 install liblzma5        5.2.4-1        
2020/10/19 10:17:26    9 install libbz2_1        1.0.8-1        
2020/10/19 10:17:26   10 install libgmp10        6.2.0-2        
2020/10/19 10:17:26   11 install libargp         20110921-3     
2020/10/19 10:17:26   12 install libpcre1        8.44-1         
2020/10/19 10:17:26   13 install libgcc1         10.2.0-1       
2020/10/19 10:17:26   14 install zlib0           1.2.11-1       
2020/10/19 10:17:26   15 install libiconv2       1.16-2         
2020/10/19 10:17:26   16 install run             1.3.4-2        
2020/10/19 10:17:26   17 install mintty          3.4.0-1        
2020/10/19 10:17:26   18 install login           1.13-1         
2020/10/19 10:17:26   19 install hostname        3.13-1         
2020/10/19 10:17:26   20 install editrights      1.03-1         
2020/10/19 10:17:26   21 install libsigsegv2     2.10-2         
2020/10/19 10:17:26   22 install dash            0.5.9.1-1      
2020/10/19 10:17:26   23 install which           2.20-2         
2020/10/19 10:17:26   24 install ipc-utils       1.0-2          
2020/10/19 10:17:26   25 install terminfo-extra  6.1-1.20190727 
2020/10/19 10:17:26   26 install getent          2.18.90-4      
2020/10/19 10:17:26   27 install libmpfr6        4.1.0-1        
2020/10/19 10:17:26   28 install libstdc++6      10.2.0-1       
2020/10/19 10:17:26   29 install file            5.32-1         
2020/10/19 10:17:26   30 install libintl8        0.19.8.1-2     
2020/10/19 10:17:26   31 install _autorebase     001007-1       
2020/10/19 10:17:26   32 install libncursesw10   6.1-1.20190727 
2020/10/19 10:17:26   33 install libp11-kit0     0.23.20-1      
2020/10/19 10:17:26   34 install libattr1        2.4.48-2       
2020/10/19 10:17:26   35 install libpopt0        1.16-2         
2020/10/19 10:17:26   36 install libiconv        1.16-2         
2020/10/19 10:17:26   37 install libgdbm4        1.13-1         
2020/10/19 10:17:26   38 install libuuid1        2.33.1-2       
2020/10/19 10:17:26   39 install libsmartcols1   2.33.1-2       
2020/10/19 10:17:26   40 install sed             4.4-1          
2020/10/19 10:17:26   41 install diffutils       3.5-2          
2020/10/19 10:17:26   42 install alternatives    1.3.30c-10     
2020/10/19 10:17:26   43 install less            551-1          
2020/10/19 10:17:26   44 install vim-minimal     8.2.0486-1     
2020/10/19 10:17:26   45 install ncurses         6.1-1.20190727 
2020/10/19 10:17:26   46 install libreadline7    7.0.3-3        
2020/10/19 10:17:26   47 install info            6.7-1          
2020/10/19 10:17:26   48 install p11-kit-trust   0.23.20-1      
2020/10/19 10:17:26   49 install p11-kit         0.23.20-1      
2020/10/19 10:17:26   50 install cygutils        1.4.16-2       
2020/10/19 10:17:26   51 install libblkid1       2.33.1-2       
2020/10/19 10:17:26   52 install gawk            5.1.0-1        
2020/10/19 10:17:26   53 install bash            4.4.12-3       
2020/10/19 10:17:26   54 install libfdisk1       2.33.1-2       
2020/10/19 10:17:26   55 install tzcode          2020c-1        
2020/10/19 10:17:26   56 install util-linux      2.33.1-2       
2020/10/19 10:17:26   57 install coreutils       8.26-2         
2020/10/19 10:17:26   58 install ca-certificates 2.40-1         
2020/10/19 10:17:26   59 install groff           1.22.4-1       
2020/10/19 10:17:26   60 install xz              5.2.4-1        
2020/10/19 10:17:26   61 install bzip2           1.0.8-1        
2020/10/19 10:17:26   62 install gzip            1.8-1          
2020/10/19 10:17:26   63 install grep            3.0-2          
2020/10/19 10:17:26   64 install findutils       4.6.0-1        
2020/10/19 10:17:26   65 install crypto-policies 20190218-1     
2020/10/19 10:17:26   66 install tar             1.29-1         
2020/10/19 10:17:26   67 install man-db          2.7.6.1-1      
2020/10/19 10:17:26   68 install rebase          4.4.4-1        
2020/10/19 10:17:26   69 install base-files      4.3-2          
2020/10/19 10:17:26   70 install libssl1.1       1.1.1f-1       
2020/10/19 10:17:26   71 install openssl         1.1.1f-1       
2020/10/19 10:17:30 Downloaded C:\Users\Anthony_Teng\Downloads/http%3a%2f%2fcygwin.mirror.constant.com%2f/noarch/release/base-cygwin/base-cygwin-3.8-1.tar.xz
2020/10/19 10:17:46 Downloaded C:\Users\Anthony_Teng\Downloads/http%3a%2f%2fcygwin.mirror.constant.com%2f/x86_64/release/cygwin/cygwin-3.1.7-1.tar.xz
2020/10/19 10:17:47 Downloaded C:\Users\Anthony_Teng\Downloads/http%3a%2f%2fcygwin.mirror.constant.com%2f/x86_64/release/ncurses/terminfo/terminfo-6.1-1.20190727.tar.xz
2020/10/19 10:17:48 Downloaded C:\Users\Anthony_Teng\Downloads/http%3a%2f%2fcygwin.mirror.constant.com%2f/noarch/release/tzdata/tzdata-2020c-1.tar.xz
2020/10/19 10:17:48 Downloaded C:\Users\Anthony_Teng\Downloads/http%3a%2f%2fcygwin.mirror.constant.com%2f/x86_64/release/libpipeline/libpipeline1/libpipeline1-1.5.1-1.tar.xz
2020/10/19 10:17:49 Downloaded C:\Users\Anthony_Teng\Downloads/http%3a%2f%2fcygwin.mirror.constant.com%2f/x86_64/release/popt/libpopt-common/libpopt-common-1.16-2.tar.xz
2020/10/19 10:17:49 Downloaded C:\Users\Anthony_Teng\Downloads/http%3a%2f%2fcygwin.mirror.constant.com%2f/x86_64/release/libffi/libffi6/libffi6-3.2.1-2.tar.xz
2020/10/19 10:17:50 Downloaded C:\Users\Anthony_Teng\Downloads/http%3a%2f%2fcygwin.mirror.constant.com%2f/x86_64/release/libtasn1/libtasn1_6/libtasn1_6-4.14-1.tar.xz
2020/10/19 10:17:50 Downloaded C:\Users\Anthony_Teng\Downloads/http%3a%2f%2fcygwin.mirror.constant.com%2f/x86_64/release/xz/liblzma5/liblzma5-5.2.4-1.tar.xz
2020/10/19 10:17:51 Downloaded C:\Users\Anthony_Teng\Downloads/http%3a%2f%2fcygwin.mirror.constant.com%2f/x86_64/release/bzip2/libbz2_1/libbz2_1-1.0.8-1.tar.xz
2020/10/19 10:17:53 Downloaded C:\Users\Anthony_Teng\Downloads/http%3a%2f%2fcygwin.mirror.constant.com%2f/x86_64/release/gmp/libgmp10/libgmp10-6.2.0-2.tar.xz
2020/10/19 10:17:53 Downloaded C:\Users\Anthony_Teng\Downloads/http%3a%2f%2fcygwin.mirror.constant.com%2f/x86_64/release/libargp/libargp-20110921-3.tar.xz
2020/10/19 10:17:55 Downloaded C:\Users\Anthony_Teng\Downloads/http%3a%2f%2fcygwin.mirror.constant.com%2f/x86_64/release/pcre/libpcre1/libpcre1-8.44-1.tar.xz
2020/10/19 10:17:56 Downloaded C:\Users\Anthony_Teng\Downloads/http%3a%2f%2fcygwin.mirror.constant.com%2f/x86_64/release/gcc/libgcc1/libgcc1-10.2.0-1.tar.xz
2020/10/19 10:17:56 Downloaded C:\Users\Anthony_Teng\Downloads/http%3a%2f%2fcygwin.mirror.constant.com%2f/x86_64/release/zlib/zlib0/zlib0-1.2.11-1.tar.xz
2020/10/19 10:18:00 Downloaded C:\Users\Anthony_Teng\Downloads/http%3a%2f%2fcygwin.mirror.constant.com%2f/x86_64/release/libiconv/libiconv2/libiconv2-1.16-2.tar.xz
2020/10/19 10:18:00 Downloaded C:\Users\Anthony_Teng\Downloads/http%3a%2f%2fcygwin.mirror.constant.com%2f/x86_64/release/run/run-1.3.4-2.tar.xz
2020/10/19 10:18:05 Downloaded C:\Users\Anthony_Teng\Downloads/http%3a%2f%2fcygwin.mirror.constant.com%2f/x86_64/release/mintty/mintty-3.4.0-1.tar.xz
2020/10/19 10:18:06 Downloaded C:\Users\Anthony_Teng\Downloads/http%3a%2f%2fcygwin.mirror.constant.com%2f/x86_64/release/login/login-1.13-1.tar.xz
2020/10/19 10:18:06 Downloaded C:\Users\Anthony_Teng\Downloads/http%3a%2f%2fcygwin.mirror.constant.com%2f/x86_64/release/hostname/hostname-3.13-1.tar.bz2
2020/10/19 10:18:06 Downloaded C:\Users\Anthony_Teng\Downloads/http%3a%2f%2fcygwin.mirror.constant.com%2f/x86_64/release/editrights/editrights-1.03-1.tar.xz
2020/10/19 10:18:07 Downloaded C:\Users\Anthony_Teng\Downloads/http%3a%2f%2fcygwin.mirror.constant.com%2f/x86_64/release/libsigsegv/libsigsegv2/libsigsegv2-2.10-2.tar.xz
2020/10/19 10:18:07 Downloaded C:\Users\Anthony_Teng\Downloads/http%3a%2f%2fcygwin.mirror.constant.com%2f/x86_64/release/dash/dash-0.5.9.1-1.tar.xz
2020/10/19 10:18:08 Downloaded C:\Users\Anthony_Teng\Downloads/http%3a%2f%2fcygwin.mirror.constant.com%2f/x86_64/release/which/which-2.20-2.tar.bz2
2020/10/19 10:18:08 Downloaded C:\Users\Anthony_Teng\Downloads/http%3a%2f%2fcygwin.mirror.constant.com%2f/x86_64/release/ipc-utils/ipc-utils-1.0-2.tar.bz2
2020/10/19 10:18:10 Downloaded C:\Users\Anthony_Teng\Downloads/http%3a%2f%2fcygwin.mirror.constant.com%2f/x86_64/release/ncurses/terminfo-extra/terminfo-extra-6.1-1.20190727.tar.xz
2020/10/19 10:18:12 Downloaded C:\Users\Anthony_Teng\Downloads/http%3a%2f%2fcygwin.mirror.constant.com%2f/x86_64/release/getent/getent-2.18.90-4.tar.xz
2020/10/19 10:18:23 Downloaded C:\Users\Anthony_Teng\Downloads/http%3a%2f%2fcygwin.mirror.constant.com%2f/x86_64/release/mpfr/libmpfr6/libmpfr6-4.1.0-1.tar.xz
2020/10/19 10:18:26 Downloaded C:\Users\Anthony_Teng\Downloads/http%3a%2f%2fcygwin.mirror.constant.com%2f/x86_64/release/gcc/libstdc++6/libstdc++6-10.2.0-1.tar.xz
2020/10/19 10:18:31 Downloaded C:\Users\Anthony_Teng\Downloads/http%3a%2f%2fcygwin.mirror.constant.com%2f/x86_64/release/file/file-5.32-1.tar.xz
2020/10/19 10:18:31 Downloaded C:\Users\Anthony_Teng\Downloads/http%3a%2f%2fcygwin.mirror.constant.com%2f/x86_64/release/gettext/libintl8/libintl8-0.19.8.1-2.tar.xz
2020/10/19 10:18:31 Downloaded C:\Users\Anthony_Teng\Downloads/http%3a%2f%2fcygwin.mirror.constant.com%2f/noarch/release/_autorebase/_autorebase-001007-1.tar.xz
2020/10/19 10:18:33 Downloaded C:\Users\Anthony_Teng\Downloads/http%3a%2f%2fcygwin.mirror.constant.com%2f/x86_64/release/ncurses/libncursesw10/libncursesw10-6.1-1.20190727.tar.xz
2020/10/19 10:18:34 Downloaded C:\Users\Anthony_Teng\Downloads/http%3a%2f%2fcygwin.mirror.constant.com%2f/x86_64/release/p11-kit/libp11-kit0/libp11-kit0-0.23.20-1.tar.xz
2020/10/19 10:18:35 Downloaded C:\Users\Anthony_Teng\Downloads/http%3a%2f%2fcygwin.mirror.constant.com%2f/x86_64/release/attr/libattr1/libattr1-2.4.48-2.tar.xz
2020/10/19 10:18:35 Downloaded C:\Users\Anthony_Teng\Downloads/http%3a%2f%2fcygwin.mirror.constant.com%2f/x86_64/release/popt/libpopt0/libpopt0-1.16-2.tar.xz
2020/10/19 10:18:36 Downloaded C:\Users\Anthony_Teng\Downloads/http%3a%2f%2fcygwin.mirror.constant.com%2f/x86_64/release/libiconv/libiconv-1.16-2.tar.xz
2020/10/19 10:18:36 Downloaded C:\Users\Anthony_Teng\Downloads/http%3a%2f%2fcygwin.mirror.constant.com%2f/x86_64/release/gdbm/libgdbm4/libgdbm4-1.13-1.tar.xz
2020/10/19 10:18:37 Downloaded C:\Users\Anthony_Teng\Downloads/http%3a%2f%2fcygwin.mirror.constant.com%2f/x86_64/release/util-linux/libuuid1/libuuid1-2.33.1-2.tar.xz
2020/10/19 10:18:37 Downloaded C:\Users\Anthony_Teng\Downloads/http%3a%2f%2fcygwin.mirror.constant.com%2f/x86_64/release/util-linux/libsmartcols1/libsmartcols1-2.33.1-2.tar.xz
2020/10/19 10:18:40 Downloaded C:\Users\Anthony_Teng\Downloads/http%3a%2f%2fcygwin.mirror.constant.com%2f/x86_64/release/sed/sed-4.4-1.tar.xz
2020/10/19 10:18:42 Downloaded C:\Users\Anthony_Teng\Downloads/http%3a%2f%2fcygwin.mirror.constant.com%2f/x86_64/release/diffutils/diffutils-3.5-2.tar.xz
2020/10/19 10:18:43 Downloaded C:\Users\Anthony_Teng\Downloads/http%3a%2f%2fcygwin.mirror.constant.com%2f/x86_64/release/alternatives/alternatives-1.3.30c-10.tar.bz2
2020/10/19 10:18:44 Downloaded C:\Users\Anthony_Teng\Downloads/http%3a%2f%2fcygwin.mirror.constant.com%2f/x86_64/release/less/less-551-1.tar.xz
2020/10/19 10:18:49 Downloaded C:\Users\Anthony_Teng\Downloads/http%3a%2f%2fcygwin.mirror.constant.com%2f/x86_64/release/vim/vim-minimal/vim-minimal-8.2.0486-1.tar.xz
2020/10/19 10:18:51 Downloaded C:\Users\Anthony_Teng\Downloads/http%3a%2f%2fcygwin.mirror.constant.com%2f/x86_64/release/ncurses/ncurses-6.1-1.20190727.tar.xz
2020/10/19 10:18:52 Downloaded C:\Users\Anthony_Teng\Downloads/http%3a%2f%2fcygwin.mirror.constant.com%2f/x86_64/release/readline/libreadline7/libreadline7-7.0.3-3.tar.xz
2020/10/19 10:18:56 Downloaded C:\Users\Anthony_Teng\Downloads/http%3a%2f%2fcygwin.mirror.constant.com%2f/x86_64/release/texinfo/info/info-6.7-1.tar.xz
2020/10/19 10:18:57 Downloaded C:\Users\Anthony_Teng\Downloads/http%3a%2f%2fcygwin.mirror.constant.com%2f/x86_64/release/p11-kit/p11-kit-trust/p11-kit-trust-0.23.20-1.tar.xz
2020/10/19 10:18:58 Downloaded C:\Users\Anthony_Teng\Downloads/http%3a%2f%2fcygwin.mirror.constant.com%2f/x86_64/release/p11-kit/p11-kit-0.23.20-1.tar.xz
2020/10/19 10:18:59 Downloaded C:\Users\Anthony_Teng\Downloads/http%3a%2f%2fcygwin.mirror.constant.com%2f/x86_64/release/cygutils/cygutils-1.4.16-2.tar.xz
2020/10/19 10:18:59 Downloaded C:\Users\Anthony_Teng\Downloads/http%3a%2f%2fcygwin.mirror.constant.com%2f/x86_64/release/util-linux/libblkid1/libblkid1-2.33.1-2.tar.xz
2020/10/19 10:19:08 Downloaded C:\Users\Anthony_Teng\Downloads/http%3a%2f%2fcygwin.mirror.constant.com%2f/x86_64/release/gawk/gawk-5.1.0-1.tar.xz
2020/10/19 10:19:19 Downloaded C:\Users\Anthony_Teng\Downloads/http%3a%2f%2fcygwin.mirror.constant.com%2f/x86_64/release/bash/bash-4.4.12-3.tar.xz
2020/10/19 10:19:21 Downloaded C:\Users\Anthony_Teng\Downloads/http%3a%2f%2fcygwin.mirror.constant.com%2f/x86_64/release/util-linux/libfdisk1/libfdisk1-2.33.1-2.tar.xz
2020/10/19 10:19:22 Downloaded C:\Users\Anthony_Teng\Downloads/http%3a%2f%2fcygwin.mirror.constant.com%2f/x86_64/release/tzcode/tzcode-2020c-1.tar.xz
2020/10/19 10:19:36 Downloaded C:\Users\Anthony_Teng\Downloads/http%3a%2f%2fcygwin.mirror.constant.com%2f/x86_64/release/util-linux/util-linux-2.33.1-2.tar.xz
2020/10/19 10:19:55 Downloaded C:\Users\Anthony_Teng\Downloads/http%3a%2f%2fcygwin.mirror.constant.com%2f/x86_64/release/coreutils/coreutils-8.26-2.tar.xz
2020/10/19 10:19:57 Downloaded C:\Users\Anthony_Teng\Downloads/http%3a%2f%2fcygwin.mirror.constant.com%2f/noarch/release/ca-certificates/ca-certificates-2.40-1.tar.xz
2020/10/19 10:20:20 Downloaded C:\Users\Anthony_Teng\Downloads/http%3a%2f%2fcygwin.mirror.constant.com%2f/x86_64/release/groff/groff-1.22.4-1.tar.xz
2020/10/19 10:20:22 Downloaded C:\Users\Anthony_Teng\Downloads/http%3a%2f%2fcygwin.mirror.constant.com%2f/x86_64/release/xz/xz-5.2.4-1.tar.xz
2020/10/19 10:20:22 Downloaded C:\Users\Anthony_Teng\Downloads/http%3a%2f%2fcygwin.mirror.constant.com%2f/x86_64/release/bzip2/bzip2-1.0.8-1.tar.xz
2020/10/19 10:20:24 Downloaded C:\Users\Anthony_Teng\Downloads/http%3a%2f%2fcygwin.mirror.constant.com%2f/x86_64/release/gzip/gzip-1.8-1.tar.xz
2020/10/19 10:20:27 Downloaded C:\Users\Anthony_Teng\Downloads/http%3a%2f%2fcygwin.mirror.constant.com%2f/x86_64/release/grep/grep-3.0-2.tar.xz
2020/10/19 10:20:33 Downloaded C:\Users\Anthony_Teng\Downloads/http%3a%2f%2fcygwin.mirror.constant.com%2f/x86_64/release/findutils/findutils-4.6.0-1.tar.xz
2020/10/19 10:20:33 Downloaded C:\Users\Anthony_Teng\Downloads/http%3a%2f%2fcygwin.mirror.constant.com%2f/noarch/release/crypto-policies/crypto-policies-20190218-1.tar.xz
2020/10/19 10:20:41 Downloaded C:\Users\Anthony_Teng\Downloads/http%3a%2f%2fcygwin.mirror.constant.com%2f/x86_64/release/tar/tar-1.29-1.tar.xz
2020/10/19 10:20:47 Downloaded C:\Users\Anthony_Teng\Downloads/http%3a%2f%2fcygwin.mirror.constant.com%2f/x86_64/release/man-db/man-db-2.7.6.1-1.tar.xz
2020/10/19 10:20:49 Downloaded C:\Users\Anthony_Teng\Downloads/http%3a%2f%2fcygwin.mirror.constant.com%2f/x86_64/release/rebase/rebase-4.4.4-1.tar.xz
2020/10/19 10:20:50 Downloaded C:\Users\Anthony_Teng\Downloads/http%3a%2f%2fcygwin.mirror.constant.com%2f/noarch/release/base-files/base-files-4.3-2.tar.xz
2020/10/19 10:20:59 Downloaded C:\Users\Anthony_Teng\Downloads/http%3a%2f%2fcygwin.mirror.constant.com%2f/x86_64/release/openssl/libssl1.1/libssl1.1-1.1.1f-1.tar.xz
2020/10/19 10:21:04 Downloaded C:\Users\Anthony_Teng\Downloads/http%3a%2f%2fcygwin.mirror.constant.com%2f/x86_64/release/openssl/openssl-1.1.1f-1.tar.xz
2020/10/19 10:21:04 Extracting from file://C:\Users\Anthony_Teng\Downloads/http%3a%2f%2fcygwin.mirror.constant.com%2f/noarch/release/base-cygwin/base-cygwin-3.8-1.tar.xz
2020/10/19 10:21:04 Extracting from file://C:\Users\Anthony_Teng\Downloads/http%3a%2f%2fcygwin.mirror.constant.com%2f/x86_64/release/cygwin/cygwin-3.1.7-1.tar.xz
2020/10/19 10:21:05 Extracting from file://C:\Users\Anthony_Teng\Downloads/http%3a%2f%2fcygwin.mirror.constant.com%2f/x86_64/release/ncurses/terminfo/terminfo-6.1-1.20190727.tar.xz
2020/10/19 10:21:05 Extracting from file://C:\Users\Anthony_Teng\Downloads/http%3a%2f%2fcygwin.mirror.constant.com%2f/noarch/release/tzdata/tzdata-2020c-1.tar.xz
2020/10/19 10:21:08 Extracting from file://C:\Users\Anthony_Teng\Downloads/http%3a%2f%2fcygwin.mirror.constant.com%2f/x86_64/release/libpipeline/libpipeline1/libpipeline1-1.5.1-1.tar.xz
2020/10/19 10:21:08 Extracting from file://C:\Users\Anthony_Teng\Downloads/http%3a%2f%2fcygwin.mirror.constant.com%2f/x86_64/release/popt/libpopt-common/libpopt-common-1.16-2.tar.xz
2020/10/19 10:21:08 Extracting from file://C:\Users\Anthony_Teng\Downloads/http%3a%2f%2fcygwin.mirror.constant.com%2f/x86_64/release/libffi/libffi6/libffi6-3.2.1-2.tar.xz
2020/10/19 10:21:08 Extracting from file://C:\Users\Anthony_Teng\Downloads/http%3a%2f%2fcygwin.mirror.constant.com%2f/x86_64/release/libtasn1/libtasn1_6/libtasn1_6-4.14-1.tar.xz
2020/10/19 10:21:08 Extracting from file://C:\Users\Anthony_Teng\Downloads/http%3a%2f%2fcygwin.mirror.constant.com%2f/x86_64/release/xz/liblzma5/liblzma5-5.2.4-1.tar.xz
2020/10/19 10:21:08 Extracting from file://C:\Users\Anthony_Teng\Downloads/http%3a%2f%2fcygwin.mirror.constant.com%2f/x86_64/release/bzip2/libbz2_1/libbz2_1-1.0.8-1.tar.xz
2020/10/19 10:21:08 Extracting from file://C:\Users\Anthony_Teng\Downloads/http%3a%2f%2fcygwin.mirror.constant.com%2f/x86_64/release/gmp/libgmp10/libgmp10-6.2.0-2.tar.xz
2020/10/19 10:21:08 Extracting from file://C:\Users\Anthony_Teng\Downloads/http%3a%2f%2fcygwin.mirror.constant.com%2f/x86_64/release/libargp/libargp-20110921-3.tar.xz
2020/10/19 10:21:08 Extracting from file://C:\Users\Anthony_Teng\Downloads/http%3a%2f%2fcygwin.mirror.constant.com%2f/x86_64/release/pcre/libpcre1/libpcre1-8.44-1.tar.xz
2020/10/19 10:21:08 Extracting from file://C:\Users\Anthony_Teng\Downloads/http%3a%2f%2fcygwin.mirror.constant.com%2f/x86_64/release/gcc/libgcc1/libgcc1-10.2.0-1.tar.xz
2020/10/19 10:21:08 Extracting from file://C:\Users\Anthony_Teng\Downloads/http%3a%2f%2fcygwin.mirror.constant.com%2f/x86_64/release/zlib/zlib0/zlib0-1.2.11-1.tar.xz
2020/10/19 10:21:08 Extracting from file://C:\Users\Anthony_Teng\Downloads/http%3a%2f%2fcygwin.mirror.constant.com%2f/x86_64/release/libiconv/libiconv2/libiconv2-1.16-2.tar.xz
2020/10/19 10:21:08 Extracting from file://C:\Users\Anthony_Teng\Downloads/http%3a%2f%2fcygwin.mirror.constant.com%2f/x86_64/release/run/run-1.3.4-2.tar.xz
2020/10/19 10:21:08 Extracting from file://C:\Users\Anthony_Teng\Downloads/http%3a%2f%2fcygwin.mirror.constant.com%2f/x86_64/release/mintty/mintty-3.4.0-1.tar.xz
2020/10/19 10:21:08 Extracting from file://C:\Users\Anthony_Teng\Downloads/http%3a%2f%2fcygwin.mirror.constant.com%2f/x86_64/release/login/login-1.13-1.tar.xz
2020/10/19 10:21:08 Extracting from file://C:\Users\Anthony_Teng\Downloads/http%3a%2f%2fcygwin.mirror.constant.com%2f/x86_64/release/hostname/hostname-3.13-1.tar.bz2
2020/10/19 10:21:08 Extracting from file://C:\Users\Anthony_Teng\Downloads/http%3a%2f%2fcygwin.mirror.constant.com%2f/x86_64/release/editrights/editrights-1.03-1.tar.xz
2020/10/19 10:21:08 Extracting from file://C:\Users\Anthony_Teng\Downloads/http%3a%2f%2fcygwin.mirror.constant.com%2f/x86_64/release/libsigsegv/libsigsegv2/libsigsegv2-2.10-2.tar.xz
2020/10/19 10:21:08 Extracting from file://C:\Users\Anthony_Teng\Downloads/http%3a%2f%2fcygwin.mirror.constant.com%2f/x86_64/release/dash/dash-0.5.9.1-1.tar.xz
2020/10/19 10:21:09 Extracting from file://C:\Users\Anthony_Teng\Downloads/http%3a%2f%2fcygwin.mirror.constant.com%2f/x86_64/release/which/which-2.20-2.tar.bz2
2020/10/19 10:21:09 Extracting from file://C:\Users\Anthony_Teng\Downloads/http%3a%2f%2fcygwin.mirror.constant.com%2f/x86_64/release/ipc-utils/ipc-utils-1.0-2.tar.bz2
2020/10/19 10:21:09 Extracting from file://C:\Users\Anthony_Teng\Downloads/http%3a%2f%2fcygwin.mirror.constant.com%2f/x86_64/release/ncurses/terminfo-extra/terminfo-extra-6.1-1.20190727.tar.xz
2020/10/19 10:21:12 Extracting from file://C:\Users\Anthony_Teng\Downloads/http%3a%2f%2fcygwin.mirror.constant.com%2f/x86_64/release/getent/getent-2.18.90-4.tar.xz
2020/10/19 10:21:12 Extracting from file://C:\Users\Anthony_Teng\Downloads/http%3a%2f%2fcygwin.mirror.constant.com%2f/x86_64/release/mpfr/libmpfr6/libmpfr6-4.1.0-1.tar.xz
2020/10/19 10:21:12 Extracting from file://C:\Users\Anthony_Teng\Downloads/http%3a%2f%2fcygwin.mirror.constant.com%2f/x86_64/release/gcc/libstdc++6/libstdc++6-10.2.0-1.tar.xz
2020/10/19 10:21:12 Extracting from file://C:\Users\Anthony_Teng\Downloads/http%3a%2f%2fcygwin.mirror.constant.com%2f/x86_64/release/file/file-5.32-1.tar.xz
2020/10/19 10:21:12 Extracting from file://C:\Users\Anthony_Teng\Downloads/http%3a%2f%2fcygwin.mirror.constant.com%2f/x86_64/release/gettext/libintl8/libintl8-0.19.8.1-2.tar.xz
2020/10/19 10:21:12 Extracting from file://C:\Users\Anthony_Teng\Downloads/http%3a%2f%2fcygwin.mirror.constant.com%2f/noarch/release/_autorebase/_autorebase-001007-1.tar.xz
2020/10/19 10:21:12 Extracting from file://C:\Users\Anthony_Teng\Downloads/http%3a%2f%2fcygwin.mirror.constant.com%2f/x86_64/release/ncurses/libncursesw10/libncursesw10-6.1-1.20190727.tar.xz
2020/10/19 10:21:12 Extracting from file://C:\Users\Anthony_Teng\Downloads/http%3a%2f%2fcygwin.mirror.constant.com%2f/x86_64/release/p11-kit/libp11-kit0/libp11-kit0-0.23.20-1.tar.xz
2020/10/19 10:21:12 Extracting from file://C:\Users\Anthony_Teng\Downloads/http%3a%2f%2fcygwin.mirror.constant.com%2f/x86_64/release/attr/libattr1/libattr1-2.4.48-2.tar.xz
2020/10/19 10:21:12 Extracting from file://C:\Users\Anthony_Teng\Downloads/http%3a%2f%2fcygwin.mirror.constant.com%2f/x86_64/release/popt/libpopt0/libpopt0-1.16-2.tar.xz
2020/10/19 10:21:12 Extracting from file://C:\Users\Anthony_Teng\Downloads/http%3a%2f%2fcygwin.mirror.constant.com%2f/x86_64/release/libiconv/libiconv-1.16-2.tar.xz
2020/10/19 10:21:13 Extracting from file://C:\Users\Anthony_Teng\Downloads/http%3a%2f%2fcygwin.mirror.constant.com%2f/x86_64/release/gdbm/libgdbm4/libgdbm4-1.13-1.tar.xz
2020/10/19 10:21:13 Extracting from file://C:\Users\Anthony_Teng\Downloads/http%3a%2f%2fcygwin.mirror.constant.com%2f/x86_64/release/util-linux/libuuid1/libuuid1-2.33.1-2.tar.xz
2020/10/19 10:21:13 Extracting from file://C:\Users\Anthony_Teng\Downloads/http%3a%2f%2fcygwin.mirror.constant.com%2f/x86_64/release/util-linux/libsmartcols1/libsmartcols1-2.33.1-2.tar.xz
2020/10/19 10:21:13 Extracting from file://C:\Users\Anthony_Teng\Downloads/http%3a%2f%2fcygwin.mirror.constant.com%2f/x86_64/release/sed/sed-4.4-1.tar.xz
2020/10/19 10:21:13 Extracting from file://C:\Users\Anthony_Teng\Downloads/http%3a%2f%2fcygwin.mirror.constant.com%2f/x86_64/release/diffutils/diffutils-3.5-2.tar.xz
2020/10/19 10:21:13 Extracting from file://C:\Users\Anthony_Teng\Downloads/http%3a%2f%2fcygwin.mirror.constant.com%2f/x86_64/release/alternatives/alternatives-1.3.30c-10.tar.bz2
2020/10/19 10:21:14 Extracting from file://C:\Users\Anthony_Teng\Downloads/http%3a%2f%2fcygwin.mirror.constant.com%2f/x86_64/release/less/less-551-1.tar.xz
2020/10/19 10:21:14 Extracting from file://C:\Users\Anthony_Teng\Downloads/http%3a%2f%2fcygwin.mirror.constant.com%2f/x86_64/release/vim/vim-minimal/vim-minimal-8.2.0486-1.tar.xz
2020/10/19 10:21:14 Extracting from file://C:\Users\Anthony_Teng\Downloads/http%3a%2f%2fcygwin.mirror.constant.com%2f/x86_64/release/ncurses/ncurses-6.1-1.20190727.tar.xz
2020/10/19 10:21:14 Extracting from file://C:\Users\Anthony_Teng\Downloads/http%3a%2f%2fcygwin.mirror.constant.com%2f/x86_64/release/readline/libreadline7/libreadline7-7.0.3-3.tar.xz
2020/10/19 10:21:14 Extracting from file://C:\Users\Anthony_Teng\Downloads/http%3a%2f%2fcygwin.mirror.constant.com%2f/x86_64/release/texinfo/info/info-6.7-1.tar.xz
2020/10/19 10:21:15 Extracting from file://C:\Users\Anthony_Teng\Downloads/http%3a%2f%2fcygwin.mirror.constant.com%2f/x86_64/release/p11-kit/p11-kit-trust/p11-kit-trust-0.23.20-1.tar.xz
2020/10/19 10:21:15 Extracting from file://C:\Users\Anthony_Teng\Downloads/http%3a%2f%2fcygwin.mirror.constant.com%2f/x86_64/release/p11-kit/p11-kit-0.23.20-1.tar.xz
2020/10/19 10:21:15 Extracting from file://C:\Users\Anthony_Teng\Downloads/http%3a%2f%2fcygwin.mirror.constant.com%2f/x86_64/release/cygutils/cygutils-1.4.16-2.tar.xz
2020/10/19 10:21:15 Extracting from file://C:\Users\Anthony_Teng\Downloads/http%3a%2f%2fcygwin.mirror.constant.com%2f/x86_64/release/util-linux/libblkid1/libblkid1-2.33.1-2.tar.xz
2020/10/19 10:21:15 Extracting from file://C:\Users\Anthony_Teng\Downloads/http%3a%2f%2fcygwin.mirror.constant.com%2f/x86_64/release/gawk/gawk-5.1.0-1.tar.xz
2020/10/19 10:21:15 Extracting from file://C:\Users\Anthony_Teng\Downloads/http%3a%2f%2fcygwin.mirror.constant.com%2f/x86_64/release/bash/bash-4.4.12-3.tar.xz
2020/10/19 10:21:16 Extracting from file://C:\Users\Anthony_Teng\Downloads/http%3a%2f%2fcygwin.mirror.constant.com%2f/x86_64/release/util-linux/libfdisk1/libfdisk1-2.33.1-2.tar.xz
2020/10/19 10:21:16 Extracting from file://C:\Users\Anthony_Teng\Downloads/http%3a%2f%2fcygwin.mirror.constant.com%2f/x86_64/release/tzcode/tzcode-2020c-1.tar.xz
2020/10/19 10:21:16 Extracting from file://C:\Users\Anthony_Teng\Downloads/http%3a%2f%2fcygwin.mirror.constant.com%2f/x86_64/release/util-linux/util-linux-2.33.1-2.tar.xz
2020/10/19 10:21:17 Extracting from file://C:\Users\Anthony_Teng\Downloads/http%3a%2f%2fcygwin.mirror.constant.com%2f/x86_64/release/coreutils/coreutils-8.26-2.tar.xz
2020/10/19 10:21:19 Extracting from file://C:\Users\Anthony_Teng\Downloads/http%3a%2f%2fcygwin.mirror.constant.com%2f/noarch/release/ca-certificates/ca-certificates-2.40-1.tar.xz
2020/10/19 10:21:19 Extracting from file://C:\Users\Anthony_Teng\Downloads/http%3a%2f%2fcygwin.mirror.constant.com%2f/x86_64/release/groff/groff-1.22.4-1.tar.xz
2020/10/19 10:21:23 Extracting from file://C:\Users\Anthony_Teng\Downloads/http%3a%2f%2fcygwin.mirror.constant.com%2f/x86_64/release/xz/xz-5.2.4-1.tar.xz
2020/10/19 10:21:23 Extracting from file://C:\Users\Anthony_Teng\Downloads/http%3a%2f%2fcygwin.mirror.constant.com%2f/x86_64/release/bzip2/bzip2-1.0.8-1.tar.xz
2020/10/19 10:21:23 Extracting from file://C:\Users\Anthony_Teng\Downloads/http%3a%2f%2fcygwin.mirror.constant.com%2f/x86_64/release/gzip/gzip-1.8-1.tar.xz
2020/10/19 10:21:23 Extracting from file://C:\Users\Anthony_Teng\Downloads/http%3a%2f%2fcygwin.mirror.constant.com%2f/x86_64/release/grep/grep-3.0-2.tar.xz
2020/10/19 10:21:23 Extracting from file://C:\Users\Anthony_Teng\Downloads/http%3a%2f%2fcygwin.mirror.constant.com%2f/x86_64/release/findutils/findutils-4.6.0-1.tar.xz
2020/10/19 10:21:24 Extracting from file://C:\Users\Anthony_Teng\Downloads/http%3a%2f%2fcygwin.mirror.constant.com%2f/noarch/release/crypto-policies/crypto-policies-20190218-1.tar.xz
2020/10/19 10:21:24 Extracting from file://C:\Users\Anthony_Teng\Downloads/http%3a%2f%2fcygwin.mirror.constant.com%2f/x86_64/release/tar/tar-1.29-1.tar.xz
2020/10/19 10:21:24 Extracting from file://C:\Users\Anthony_Teng\Downloads/http%3a%2f%2fcygwin.mirror.constant.com%2f/x86_64/release/man-db/man-db-2.7.6.1-1.tar.xz
2020/10/19 10:21:25 Extracting from file://C:\Users\Anthony_Teng\Downloads/http%3a%2f%2fcygwin.mirror.constant.com%2f/x86_64/release/rebase/rebase-4.4.4-1.tar.xz
2020/10/19 10:21:25 Extracting from file://C:\Users\Anthony_Teng\Downloads/http%3a%2f%2fcygwin.mirror.constant.com%2f/noarch/release/base-files/base-files-4.3-2.tar.xz
2020/10/19 10:21:25 Extracting from file://C:\Users\Anthony_Teng\Downloads/http%3a%2f%2fcygwin.mirror.constant.com%2f/x86_64/release/openssl/libssl1.1/libssl1.1-1.1.1f-1.tar.xz
2020/10/19 10:21:25 Extracting from file://C:\Users\Anthony_Teng\Downloads/http%3a%2f%2fcygwin.mirror.constant.com%2f/x86_64/release/openssl/openssl-1.1.1f-1.tar.xz
2020/10/19 10:21:26 Changing gid back to original
2020/10/19 10:21:26 running: C:\cygwin64\bin\dash.exe "/etc/postinstall/0p_000_autorebase.dash"
2020/10/19 10:21:32 running: C:\cygwin64\bin\dash.exe "/etc/postinstall/0p_update-info-dir.dash"
2020/10/19 10:21:33 running: C:\cygwin64\bin\bash.exe --norc --noprofile "/etc/postinstall/000-cygwin-post-install.sh"
2020/10/19 10:21:33 running: C:\cygwin64\bin\bash.exe --norc --noprofile "/etc/postinstall/base-files-mketc.sh"
2020/10/19 10:21:33 running: C:\cygwin64\bin\bash.exe --norc --noprofile "/etc/postinstall/base-files-profile.sh"
2020/10/19 10:21:34 running: C:\cygwin64\bin\bash.exe --norc --noprofile "/etc/postinstall/bash.sh"
2020/10/19 10:21:34 running: C:\cygwin64\bin\bash.exe --norc --noprofile "/etc/postinstall/ca-certificates.sh"
2020/10/19 10:21:35 running: C:\cygwin64\bin\bash.exe --norc --noprofile "/etc/postinstall/coreutils.sh"
2020/10/19 10:21:35 running: C:\cygwin64\bin\bash.exe --norc --noprofile "/etc/postinstall/crypto-policies.sh"
2020/10/19 10:21:36 running: C:\cygwin64\bin\bash.exe --norc --noprofile "/etc/postinstall/openssl.sh"
2020/10/19 10:21:37 running: C:\cygwin64\bin\bash.exe --norc --noprofile "/etc/postinstall/man-db.sh"
2020/10/19 10:21:37 running: C:\cygwin64\bin\bash.exe --norc --noprofile "/etc/postinstall/mintty.sh"
2020/10/19 10:21:37 running: C:\cygwin64\bin\bash.exe --norc --noprofile "/etc/postinstall/p11-kit.sh"
2020/10/19 10:21:37 running: C:\cygwin64\bin\bash.exe --norc --noprofile "/etc/postinstall/zp_man-db.sh"
2020/10/19 10:21:37 Changing gid to Administrators
2020/10/19 10:31:19 note: Installation Complete
2020/10/19 10:31:19 Ending cygwin install
