g:/uefi_edk2_practice/Build/AppPkg/RELEASE_VS2015x86/X64/StdLib/LibC/Stdio/Stdio/OUTPUT/clrerr.obj
g:/uefi_edk2_practice/Build/AppPkg/RELEASE_VS2015x86/X64/StdLib/LibC/Stdio/Stdio/OUTPUT/fclose.obj
g:/uefi_edk2_practice/Build/AppPkg/RELEASE_VS2015x86/X64/StdLib/LibC/Stdio/Stdio/OUTPUT/fdopen.obj
g:/uefi_edk2_practice/Build/AppPkg/RELEASE_VS2015x86/X64/StdLib/LibC/Stdio/Stdio/OUTPUT/feof.obj
g:/uefi_edk2_practice/Build/AppPkg/RELEASE_VS2015x86/X64/StdLib/LibC/Stdio/Stdio/OUTPUT/ferror.obj
g:/uefi_edk2_practice/Build/AppPkg/RELEASE_VS2015x86/X64/StdLib/LibC/Stdio/Stdio/OUTPUT/fflush.obj
g:/uefi_edk2_practice/Build/AppPkg/RELEASE_VS2015x86/X64/StdLib/LibC/Stdio/Stdio/OUTPUT/fgetc.obj
g:/uefi_edk2_practice/Build/AppPkg/RELEASE_VS2015x86/X64/StdLib/LibC/Stdio/Stdio/OUTPUT/fgetln.obj
g:/uefi_edk2_practice/Build/AppPkg/RELEASE_VS2015x86/X64/StdLib/LibC/Stdio/Stdio/OUTPUT/fgetpos.obj
g:/uefi_edk2_practice/Build/AppPkg/RELEASE_VS2015x86/X64/StdLib/LibC/Stdio/Stdio/OUTPUT/fgets.obj
g:/uefi_edk2_practice/Build/AppPkg/RELEASE_VS2015x86/X64/StdLib/LibC/Stdio/Stdio/OUTPUT/fopen.obj
g:/uefi_edk2_practice/Build/AppPkg/RELEASE_VS2015x86/X64/StdLib/LibC/Stdio/Stdio/OUTPUT/fprintf.obj
g:/uefi_edk2_practice/Build/AppPkg/RELEASE_VS2015x86/X64/StdLib/LibC/Stdio/Stdio/OUTPUT/fputc.obj
g:/uefi_edk2_practice/Build/AppPkg/RELEASE_VS2015x86/X64/StdLib/LibC/Stdio/Stdio/OUTPUT/fputs.obj
g:/uefi_edk2_practice/Build/AppPkg/RELEASE_VS2015x86/X64/StdLib/LibC/Stdio/Stdio/OUTPUT/fread.obj
g:/uefi_edk2_practice/Build/AppPkg/RELEASE_VS2015x86/X64/StdLib/LibC/Stdio/Stdio/OUTPUT/freopen.obj
g:/uefi_edk2_practice/Build/AppPkg/RELEASE_VS2015x86/X64/StdLib/LibC/Stdio/Stdio/OUTPUT/fscanf.obj
g:/uefi_edk2_practice/Build/AppPkg/RELEASE_VS2015x86/X64/StdLib/LibC/Stdio/Stdio/OUTPUT/fseek.obj
g:/uefi_edk2_practice/Build/AppPkg/RELEASE_VS2015x86/X64/StdLib/LibC/Stdio/Stdio/OUTPUT/fsetpos.obj
g:/uefi_edk2_practice/Build/AppPkg/RELEASE_VS2015x86/X64/StdLib/LibC/Stdio/Stdio/OUTPUT/ftell.obj
g:/uefi_edk2_practice/Build/AppPkg/RELEASE_VS2015x86/X64/StdLib/LibC/Stdio/Stdio/OUTPUT/fwrite.obj
g:/uefi_edk2_practice/Build/AppPkg/RELEASE_VS2015x86/X64/StdLib/LibC/Stdio/Stdio/OUTPUT/getc.obj
g:/uefi_edk2_practice/Build/AppPkg/RELEASE_VS2015x86/X64/StdLib/LibC/Stdio/Stdio/OUTPUT/getchar.obj
g:/uefi_edk2_practice/Build/AppPkg/RELEASE_VS2015x86/X64/StdLib/LibC/Stdio/Stdio/OUTPUT/gets.obj
g:/uefi_edk2_practice/Build/AppPkg/RELEASE_VS2015x86/X64/StdLib/LibC/Stdio/Stdio/OUTPUT/perror.obj
g:/uefi_edk2_practice/Build/AppPkg/RELEASE_VS2015x86/X64/StdLib/LibC/Stdio/Stdio/OUTPUT/printf.obj
g:/uefi_edk2_practice/Build/AppPkg/RELEASE_VS2015x86/X64/StdLib/LibC/Stdio/Stdio/OUTPUT/putc.obj
g:/uefi_edk2_practice/Build/AppPkg/RELEASE_VS2015x86/X64/StdLib/LibC/Stdio/Stdio/OUTPUT/putchar.obj
g:/uefi_edk2_practice/Build/AppPkg/RELEASE_VS2015x86/X64/StdLib/LibC/Stdio/Stdio/OUTPUT/puts.obj
g:/uefi_edk2_practice/Build/AppPkg/RELEASE_VS2015x86/X64/StdLib/LibC/Stdio/Stdio/OUTPUT/remove.obj
g:/uefi_edk2_practice/Build/AppPkg/RELEASE_VS2015x86/X64/StdLib/LibC/Stdio/Stdio/OUTPUT/rewind.obj
g:/uefi_edk2_practice/Build/AppPkg/RELEASE_VS2015x86/X64/StdLib/LibC/Stdio/Stdio/OUTPUT/scanf.obj
g:/uefi_edk2_practice/Build/AppPkg/RELEASE_VS2015x86/X64/StdLib/LibC/Stdio/Stdio/OUTPUT/setbuf.obj
g:/uefi_edk2_practice/Build/AppPkg/RELEASE_VS2015x86/X64/StdLib/LibC/Stdio/Stdio/OUTPUT/setvbuf.obj
g:/uefi_edk2_practice/Build/AppPkg/RELEASE_VS2015x86/X64/StdLib/LibC/Stdio/Stdio/OUTPUT/sprintf.obj
g:/uefi_edk2_practice/Build/AppPkg/RELEASE_VS2015x86/X64/StdLib/LibC/Stdio/Stdio/OUTPUT/sscanf.obj
g:/uefi_edk2_practice/Build/AppPkg/RELEASE_VS2015x86/X64/StdLib/LibC/Stdio/Stdio/OUTPUT/tempnam.obj
g:/uefi_edk2_practice/Build/AppPkg/RELEASE_VS2015x86/X64/StdLib/LibC/Stdio/Stdio/OUTPUT/tmpfile.obj
g:/uefi_edk2_practice/Build/AppPkg/RELEASE_VS2015x86/X64/StdLib/LibC/Stdio/Stdio/OUTPUT/tmpnam.obj
g:/uefi_edk2_practice/Build/AppPkg/RELEASE_VS2015x86/X64/StdLib/LibC/Stdio/Stdio/OUTPUT/ungetc.obj
g:/uefi_edk2_practice/Build/AppPkg/RELEASE_VS2015x86/X64/StdLib/LibC/Stdio/Stdio/OUTPUT/vfprintf.obj
g:/uefi_edk2_practice/Build/AppPkg/RELEASE_VS2015x86/X64/StdLib/LibC/Stdio/Stdio/OUTPUT/vfwprintf.obj
g:/uefi_edk2_practice/Build/AppPkg/RELEASE_VS2015x86/X64/StdLib/LibC/Stdio/Stdio/OUTPUT/vprintf.obj
g:/uefi_edk2_practice/Build/AppPkg/RELEASE_VS2015x86/X64/StdLib/LibC/Stdio/Stdio/OUTPUT/vsprintf.obj
g:/uefi_edk2_practice/Build/AppPkg/RELEASE_VS2015x86/X64/StdLib/LibC/Stdio/Stdio/OUTPUT/snprintf.obj
g:/uefi_edk2_practice/Build/AppPkg/RELEASE_VS2015x86/X64/StdLib/LibC/Stdio/Stdio/OUTPUT/vsnprintf.obj
g:/uefi_edk2_practice/Build/AppPkg/RELEASE_VS2015x86/X64/StdLib/LibC/Stdio/Stdio/OUTPUT/fparseln.obj
g:/uefi_edk2_practice/Build/AppPkg/RELEASE_VS2015x86/X64/StdLib/LibC/Stdio/Stdio/OUTPUT/fgetwc.obj
g:/uefi_edk2_practice/Build/AppPkg/RELEASE_VS2015x86/X64/StdLib/LibC/Stdio/Stdio/OUTPUT/fgetws.obj
g:/uefi_edk2_practice/Build/AppPkg/RELEASE_VS2015x86/X64/StdLib/LibC/Stdio/Stdio/OUTPUT/fputwc.obj
g:/uefi_edk2_practice/Build/AppPkg/RELEASE_VS2015x86/X64/StdLib/LibC/Stdio/Stdio/OUTPUT/fputws.obj
g:/uefi_edk2_practice/Build/AppPkg/RELEASE_VS2015x86/X64/StdLib/LibC/Stdio/Stdio/OUTPUT/fwide.obj
g:/uefi_edk2_practice/Build/AppPkg/RELEASE_VS2015x86/X64/StdLib/LibC/Stdio/Stdio/OUTPUT/fwprintf.obj
g:/uefi_edk2_practice/Build/AppPkg/RELEASE_VS2015x86/X64/StdLib/LibC/Stdio/Stdio/OUTPUT/fwscanf.obj
g:/uefi_edk2_practice/Build/AppPkg/RELEASE_VS2015x86/X64/StdLib/LibC/Stdio/Stdio/OUTPUT/getwc.obj
g:/uefi_edk2_practice/Build/AppPkg/RELEASE_VS2015x86/X64/StdLib/LibC/Stdio/Stdio/OUTPUT/getwchar.obj
g:/uefi_edk2_practice/Build/AppPkg/RELEASE_VS2015x86/X64/StdLib/LibC/Stdio/Stdio/OUTPUT/putwc.obj
g:/uefi_edk2_practice/Build/AppPkg/RELEASE_VS2015x86/X64/StdLib/LibC/Stdio/Stdio/OUTPUT/putwchar.obj
g:/uefi_edk2_practice/Build/AppPkg/RELEASE_VS2015x86/X64/StdLib/LibC/Stdio/Stdio/OUTPUT/swprintf.obj
g:/uefi_edk2_practice/Build/AppPkg/RELEASE_VS2015x86/X64/StdLib/LibC/Stdio/Stdio/OUTPUT/swscanf.obj
g:/uefi_edk2_practice/Build/AppPkg/RELEASE_VS2015x86/X64/StdLib/LibC/Stdio/Stdio/OUTPUT/ungetwc.obj
g:/uefi_edk2_practice/Build/AppPkg/RELEASE_VS2015x86/X64/StdLib/LibC/Stdio/Stdio/OUTPUT/vfwscanf.obj
g:/uefi_edk2_practice/Build/AppPkg/RELEASE_VS2015x86/X64/StdLib/LibC/Stdio/Stdio/OUTPUT/vswprintf.obj
g:/uefi_edk2_practice/Build/AppPkg/RELEASE_VS2015x86/X64/StdLib/LibC/Stdio/Stdio/OUTPUT/vswscanf.obj
g:/uefi_edk2_practice/Build/AppPkg/RELEASE_VS2015x86/X64/StdLib/LibC/Stdio/Stdio/OUTPUT/vwprintf.obj
g:/uefi_edk2_practice/Build/AppPkg/RELEASE_VS2015x86/X64/StdLib/LibC/Stdio/Stdio/OUTPUT/vwscanf.obj
g:/uefi_edk2_practice/Build/AppPkg/RELEASE_VS2015x86/X64/StdLib/LibC/Stdio/Stdio/OUTPUT/wprintf.obj
g:/uefi_edk2_practice/Build/AppPkg/RELEASE_VS2015x86/X64/StdLib/LibC/Stdio/Stdio/OUTPUT/wscanf.obj
g:/uefi_edk2_practice/Build/AppPkg/RELEASE_VS2015x86/X64/StdLib/LibC/Stdio/Stdio/OUTPUT/fgetstr.obj
g:/uefi_edk2_practice/Build/AppPkg/RELEASE_VS2015x86/X64/StdLib/LibC/Stdio/Stdio/OUTPUT/findfp.obj
g:/uefi_edk2_practice/Build/AppPkg/RELEASE_VS2015x86/X64/StdLib/LibC/Stdio/Stdio/OUTPUT/flags.obj
g:/uefi_edk2_practice/Build/AppPkg/RELEASE_VS2015x86/X64/StdLib/LibC/Stdio/Stdio/OUTPUT/fseeko.obj
g:/uefi_edk2_practice/Build/AppPkg/RELEASE_VS2015x86/X64/StdLib/LibC/Stdio/Stdio/OUTPUT/ftello.obj
g:/uefi_edk2_practice/Build/AppPkg/RELEASE_VS2015x86/X64/StdLib/LibC/Stdio/Stdio/OUTPUT/fvwrite.obj
g:/uefi_edk2_practice/Build/AppPkg/RELEASE_VS2015x86/X64/StdLib/LibC/Stdio/Stdio/OUTPUT/fwalk.obj
g:/uefi_edk2_practice/Build/AppPkg/RELEASE_VS2015x86/X64/StdLib/LibC/Stdio/Stdio/OUTPUT/gettemp.obj
g:/uefi_edk2_practice/Build/AppPkg/RELEASE_VS2015x86/X64/StdLib/LibC/Stdio/Stdio/OUTPUT/makebuf.obj
g:/uefi_edk2_practice/Build/AppPkg/RELEASE_VS2015x86/X64/StdLib/LibC/Stdio/Stdio/OUTPUT/mkstemp.obj
g:/uefi_edk2_practice/Build/AppPkg/RELEASE_VS2015x86/X64/StdLib/LibC/Stdio/Stdio/OUTPUT/mktemp.obj
g:/uefi_edk2_practice/Build/AppPkg/RELEASE_VS2015x86/X64/StdLib/LibC/Stdio/Stdio/OUTPUT/refill.obj
g:/uefi_edk2_practice/Build/AppPkg/RELEASE_VS2015x86/X64/StdLib/LibC/Stdio/Stdio/OUTPUT/rget.obj
g:/uefi_edk2_practice/Build/AppPkg/RELEASE_VS2015x86/X64/StdLib/LibC/Stdio/Stdio/OUTPUT/stdio.obj
g:/uefi_edk2_practice/Build/AppPkg/RELEASE_VS2015x86/X64/StdLib/LibC/Stdio/Stdio/OUTPUT/vfscanf.obj
g:/uefi_edk2_practice/Build/AppPkg/RELEASE_VS2015x86/X64/StdLib/LibC/Stdio/Stdio/OUTPUT/wbuf.obj
g:/uefi_edk2_practice/Build/AppPkg/RELEASE_VS2015x86/X64/StdLib/LibC/Stdio/Stdio/OUTPUT/wsetup.obj