g:/uefi_edk2_practice/Build/AppPkg/RELEASE_VS2015x86/X64/StdLib/LibC/Math/Math/OUTPUT/e_acos.obj
g:/uefi_edk2_practice/Build/AppPkg/RELEASE_VS2015x86/X64/StdLib/LibC/Math/Math/OUTPUT/e_asin.obj
g:/uefi_edk2_practice/Build/AppPkg/RELEASE_VS2015x86/X64/StdLib/LibC/Math/Math/OUTPUT/e_atan2.obj
g:/uefi_edk2_practice/Build/AppPkg/RELEASE_VS2015x86/X64/StdLib/LibC/Math/Math/OUTPUT/e_cosh.obj
g:/uefi_edk2_practice/Build/AppPkg/RELEASE_VS2015x86/X64/StdLib/LibC/Math/Math/OUTPUT/e_exp.obj
g:/uefi_edk2_practice/Build/AppPkg/RELEASE_VS2015x86/X64/StdLib/LibC/Math/Math/OUTPUT/e_sinh.obj
g:/uefi_edk2_practice/Build/AppPkg/RELEASE_VS2015x86/X64/StdLib/LibC/Math/Math/OUTPUT/e_log.obj
g:/uefi_edk2_practice/Build/AppPkg/RELEASE_VS2015x86/X64/StdLib/LibC/Math/Math/OUTPUT/e_log2.obj
g:/uefi_edk2_practice/Build/AppPkg/RELEASE_VS2015x86/X64/StdLib/LibC/Math/Math/OUTPUT/e_log10.obj
g:/uefi_edk2_practice/Build/AppPkg/RELEASE_VS2015x86/X64/StdLib/LibC/Math/Math/OUTPUT/e_pow.obj
g:/uefi_edk2_practice/Build/AppPkg/RELEASE_VS2015x86/X64/StdLib/LibC/Math/Math/OUTPUT/e_sqrt.obj
g:/uefi_edk2_practice/Build/AppPkg/RELEASE_VS2015x86/X64/StdLib/LibC/Math/Math/OUTPUT/e_fmod.obj
g:/uefi_edk2_practice/Build/AppPkg/RELEASE_VS2015x86/X64/StdLib/LibC/Math/Math/OUTPUT/e_rem_pio2.obj
g:/uefi_edk2_practice/Build/AppPkg/RELEASE_VS2015x86/X64/StdLib/LibC/Math/Math/OUTPUT/k_cos.obj
g:/uefi_edk2_practice/Build/AppPkg/RELEASE_VS2015x86/X64/StdLib/LibC/Math/Math/OUTPUT/k_sin.obj
g:/uefi_edk2_practice/Build/AppPkg/RELEASE_VS2015x86/X64/StdLib/LibC/Math/Math/OUTPUT/k_tan.obj
g:/uefi_edk2_practice/Build/AppPkg/RELEASE_VS2015x86/X64/StdLib/LibC/Math/Math/OUTPUT/k_rem_pio2.obj
g:/uefi_edk2_practice/Build/AppPkg/RELEASE_VS2015x86/X64/StdLib/LibC/Math/Math/OUTPUT/s_atan.obj
g:/uefi_edk2_practice/Build/AppPkg/RELEASE_VS2015x86/X64/StdLib/LibC/Math/Math/OUTPUT/s_cos.obj
g:/uefi_edk2_practice/Build/AppPkg/RELEASE_VS2015x86/X64/StdLib/LibC/Math/Math/OUTPUT/s_sin.obj
g:/uefi_edk2_practice/Build/AppPkg/RELEASE_VS2015x86/X64/StdLib/LibC/Math/Math/OUTPUT/s_tan.obj
g:/uefi_edk2_practice/Build/AppPkg/RELEASE_VS2015x86/X64/StdLib/LibC/Math/Math/OUTPUT/s_expm1.obj
g:/uefi_edk2_practice/Build/AppPkg/RELEASE_VS2015x86/X64/StdLib/LibC/Math/Math/OUTPUT/s_tanh.obj
g:/uefi_edk2_practice/Build/AppPkg/RELEASE_VS2015x86/X64/StdLib/LibC/Math/Math/OUTPUT/s_frexp.obj
g:/uefi_edk2_practice/Build/AppPkg/RELEASE_VS2015x86/X64/StdLib/LibC/Math/Math/OUTPUT/s_ldexp.obj
g:/uefi_edk2_practice/Build/AppPkg/RELEASE_VS2015x86/X64/StdLib/LibC/Math/Math/OUTPUT/s_scalbn.obj
g:/uefi_edk2_practice/Build/AppPkg/RELEASE_VS2015x86/X64/StdLib/LibC/Math/Math/OUTPUT/s_copysign.obj
g:/uefi_edk2_practice/Build/AppPkg/RELEASE_VS2015x86/X64/StdLib/LibC/Math/Math/OUTPUT/s_finite.obj
g:/uefi_edk2_practice/Build/AppPkg/RELEASE_VS2015x86/X64/StdLib/LibC/Math/Math/OUTPUT/s_infinity.obj
g:/uefi_edk2_practice/Build/AppPkg/RELEASE_VS2015x86/X64/StdLib/LibC/Math/Math/OUTPUT/s_modf.obj
g:/uefi_edk2_practice/Build/AppPkg/RELEASE_VS2015x86/X64/StdLib/LibC/Math/Math/OUTPUT/s_fabs.obj
g:/uefi_edk2_practice/Build/AppPkg/RELEASE_VS2015x86/X64/StdLib/LibC/Math/Math/OUTPUT/s_ceil.obj
g:/uefi_edk2_practice/Build/AppPkg/RELEASE_VS2015x86/X64/StdLib/LibC/Math/Math/OUTPUT/s_floor.obj
g:/uefi_edk2_practice/Build/AppPkg/RELEASE_VS2015x86/X64/StdLib/LibC/Math/Math/OUTPUT/w_acos.obj
g:/uefi_edk2_practice/Build/AppPkg/RELEASE_VS2015x86/X64/StdLib/LibC/Math/Math/OUTPUT/w_asin.obj
g:/uefi_edk2_practice/Build/AppPkg/RELEASE_VS2015x86/X64/StdLib/LibC/Math/Math/OUTPUT/w_atan2.obj
g:/uefi_edk2_practice/Build/AppPkg/RELEASE_VS2015x86/X64/StdLib/LibC/Math/Math/OUTPUT/w_cosh.obj
g:/uefi_edk2_practice/Build/AppPkg/RELEASE_VS2015x86/X64/StdLib/LibC/Math/Math/OUTPUT/w_sinh.obj
g:/uefi_edk2_practice/Build/AppPkg/RELEASE_VS2015x86/X64/StdLib/LibC/Math/Math/OUTPUT/w_exp.obj
g:/uefi_edk2_practice/Build/AppPkg/RELEASE_VS2015x86/X64/StdLib/LibC/Math/Math/OUTPUT/w_log.obj
g:/uefi_edk2_practice/Build/AppPkg/RELEASE_VS2015x86/X64/StdLib/LibC/Math/Math/OUTPUT/w_log2.obj
g:/uefi_edk2_practice/Build/AppPkg/RELEASE_VS2015x86/X64/StdLib/LibC/Math/Math/OUTPUT/w_log10.obj
g:/uefi_edk2_practice/Build/AppPkg/RELEASE_VS2015x86/X64/StdLib/LibC/Math/Math/OUTPUT/w_pow.obj
g:/uefi_edk2_practice/Build/AppPkg/RELEASE_VS2015x86/X64/StdLib/LibC/Math/Math/OUTPUT/w_sqrt.obj
g:/uefi_edk2_practice/Build/AppPkg/RELEASE_VS2015x86/X64/StdLib/LibC/Math/Math/OUTPUT/w_fmod.obj