g:/uefi_edk2_practice/Build/AppPkg/RELEASE_VS2015x86/X64/MdePkg/Library/BaseLib/BaseLib/OUTPUT/CheckSum.obj
g:/uefi_edk2_practice/Build/AppPkg/RELEASE_VS2015x86/X64/MdePkg/Library/BaseLib/BaseLib/OUTPUT/SwitchStack.obj
g:/uefi_edk2_practice/Build/AppPkg/RELEASE_VS2015x86/X64/MdePkg/Library/BaseLib/BaseLib/OUTPUT/SwapBytes64.obj
g:/uefi_edk2_practice/Build/AppPkg/RELEASE_VS2015x86/X64/MdePkg/Library/BaseLib/BaseLib/OUTPUT/SwapBytes32.obj
g:/uefi_edk2_practice/Build/AppPkg/RELEASE_VS2015x86/X64/MdePkg/Library/BaseLib/BaseLib/OUTPUT/SwapBytes16.obj
g:/uefi_edk2_practice/Build/AppPkg/RELEASE_VS2015x86/X64/MdePkg/Library/BaseLib/BaseLib/OUTPUT/LongJump.obj
g:/uefi_edk2_practice/Build/AppPkg/RELEASE_VS2015x86/X64/MdePkg/Library/BaseLib/BaseLib/OUTPUT/SetJump.obj
g:/uefi_edk2_practice/Build/AppPkg/RELEASE_VS2015x86/X64/MdePkg/Library/BaseLib/BaseLib/OUTPUT/RShiftU64.obj
g:/uefi_edk2_practice/Build/AppPkg/RELEASE_VS2015x86/X64/MdePkg/Library/BaseLib/BaseLib/OUTPUT/RRotU64.obj
g:/uefi_edk2_practice/Build/AppPkg/RELEASE_VS2015x86/X64/MdePkg/Library/BaseLib/BaseLib/OUTPUT/RRotU32.obj
g:/uefi_edk2_practice/Build/AppPkg/RELEASE_VS2015x86/X64/MdePkg/Library/BaseLib/BaseLib/OUTPUT/MultU64x64.obj
g:/uefi_edk2_practice/Build/AppPkg/RELEASE_VS2015x86/X64/MdePkg/Library/BaseLib/BaseLib/OUTPUT/MultU64x32.obj
g:/uefi_edk2_practice/Build/AppPkg/RELEASE_VS2015x86/X64/MdePkg/Library/BaseLib/BaseLib/OUTPUT/MultS64x64.obj
g:/uefi_edk2_practice/Build/AppPkg/RELEASE_VS2015x86/X64/MdePkg/Library/BaseLib/BaseLib/OUTPUT/ModU64x32.obj
g:/uefi_edk2_practice/Build/AppPkg/RELEASE_VS2015x86/X64/MdePkg/Library/BaseLib/BaseLib/OUTPUT/LShiftU64.obj
g:/uefi_edk2_practice/Build/AppPkg/RELEASE_VS2015x86/X64/MdePkg/Library/BaseLib/BaseLib/OUTPUT/LRotU64.obj
g:/uefi_edk2_practice/Build/AppPkg/RELEASE_VS2015x86/X64/MdePkg/Library/BaseLib/BaseLib/OUTPUT/LRotU32.obj
g:/uefi_edk2_practice/Build/AppPkg/RELEASE_VS2015x86/X64/MdePkg/Library/BaseLib/BaseLib/OUTPUT/LowBitSet64.obj
g:/uefi_edk2_practice/Build/AppPkg/RELEASE_VS2015x86/X64/MdePkg/Library/BaseLib/BaseLib/OUTPUT/LowBitSet32.obj
g:/uefi_edk2_practice/Build/AppPkg/RELEASE_VS2015x86/X64/MdePkg/Library/BaseLib/BaseLib/OUTPUT/HighBitSet64.obj
g:/uefi_edk2_practice/Build/AppPkg/RELEASE_VS2015x86/X64/MdePkg/Library/BaseLib/BaseLib/OUTPUT/HighBitSet32.obj
g:/uefi_edk2_practice/Build/AppPkg/RELEASE_VS2015x86/X64/MdePkg/Library/BaseLib/BaseLib/OUTPUT/GetPowerOfTwo64.obj
g:/uefi_edk2_practice/Build/AppPkg/RELEASE_VS2015x86/X64/MdePkg/Library/BaseLib/BaseLib/OUTPUT/GetPowerOfTwo32.obj
g:/uefi_edk2_practice/Build/AppPkg/RELEASE_VS2015x86/X64/MdePkg/Library/BaseLib/BaseLib/OUTPUT/DivU64x64Remainder.obj
g:/uefi_edk2_practice/Build/AppPkg/RELEASE_VS2015x86/X64/MdePkg/Library/BaseLib/BaseLib/OUTPUT/DivU64x32Remainder.obj
g:/uefi_edk2_practice/Build/AppPkg/RELEASE_VS2015x86/X64/MdePkg/Library/BaseLib/BaseLib/OUTPUT/DivU64x32.obj
g:/uefi_edk2_practice/Build/AppPkg/RELEASE_VS2015x86/X64/MdePkg/Library/BaseLib/BaseLib/OUTPUT/DivS64x64Remainder.obj
g:/uefi_edk2_practice/Build/AppPkg/RELEASE_VS2015x86/X64/MdePkg/Library/BaseLib/BaseLib/OUTPUT/ARShiftU64.obj
g:/uefi_edk2_practice/Build/AppPkg/RELEASE_VS2015x86/X64/MdePkg/Library/BaseLib/BaseLib/OUTPUT/BitField.obj
g:/uefi_edk2_practice/Build/AppPkg/RELEASE_VS2015x86/X64/MdePkg/Library/BaseLib/BaseLib/OUTPUT/CpuDeadLoop.obj
g:/uefi_edk2_practice/Build/AppPkg/RELEASE_VS2015x86/X64/MdePkg/Library/BaseLib/BaseLib/OUTPUT/Cpu.obj
g:/uefi_edk2_practice/Build/AppPkg/RELEASE_VS2015x86/X64/MdePkg/Library/BaseLib/BaseLib/OUTPUT/LinkedList.obj
g:/uefi_edk2_practice/Build/AppPkg/RELEASE_VS2015x86/X64/MdePkg/Library/BaseLib/BaseLib/OUTPUT/SafeString.obj
g:/uefi_edk2_practice/Build/AppPkg/RELEASE_VS2015x86/X64/MdePkg/Library/BaseLib/BaseLib/OUTPUT/String.obj
g:/uefi_edk2_practice/Build/AppPkg/RELEASE_VS2015x86/X64/MdePkg/Library/BaseLib/BaseLib/OUTPUT/FilePaths.obj
g:/uefi_edk2_practice/Build/AppPkg/RELEASE_VS2015x86/X64/MdePkg/Library/BaseLib/BaseLib/OUTPUT/X64/Thunk16.obj
g:/uefi_edk2_practice/Build/AppPkg/RELEASE_VS2015x86/X64/MdePkg/Library/BaseLib/BaseLib/OUTPUT/X64/CpuIdEx.obj
g:/uefi_edk2_practice/Build/AppPkg/RELEASE_VS2015x86/X64/MdePkg/Library/BaseLib/BaseLib/OUTPUT/X64/CpuId.obj
g:/uefi_edk2_practice/Build/AppPkg/RELEASE_VS2015x86/X64/MdePkg/Library/BaseLib/BaseLib/OUTPUT/X64/LongJump.obj
g:/uefi_edk2_practice/Build/AppPkg/RELEASE_VS2015x86/X64/MdePkg/Library/BaseLib/BaseLib/OUTPUT/X64/SetJump.obj
g:/uefi_edk2_practice/Build/AppPkg/RELEASE_VS2015x86/X64/MdePkg/Library/BaseLib/BaseLib/OUTPUT/X64/SwitchStack.obj
g:/uefi_edk2_practice/Build/AppPkg/RELEASE_VS2015x86/X64/MdePkg/Library/BaseLib/BaseLib/OUTPUT/X64/EnableCache.obj
g:/uefi_edk2_practice/Build/AppPkg/RELEASE_VS2015x86/X64/MdePkg/Library/BaseLib/BaseLib/OUTPUT/X64/DisableCache.obj
g:/uefi_edk2_practice/Build/AppPkg/RELEASE_VS2015x86/X64/MdePkg/Library/BaseLib/BaseLib/OUTPUT/X64/WriteTr.obj
g:/uefi_edk2_practice/Build/AppPkg/RELEASE_VS2015x86/X64/MdePkg/Library/BaseLib/BaseLib/OUTPUT/X64/CpuBreakpoint.obj
g:/uefi_edk2_practice/Build/AppPkg/RELEASE_VS2015x86/X64/MdePkg/Library/BaseLib/BaseLib/OUTPUT/X64/WriteMsr64.obj
g:/uefi_edk2_practice/Build/AppPkg/RELEASE_VS2015x86/X64/MdePkg/Library/BaseLib/BaseLib/OUTPUT/X64/ReadMsr64.obj
g:/uefi_edk2_practice/Build/AppPkg/RELEASE_VS2015x86/X64/MdePkg/Library/BaseLib/BaseLib/OUTPUT/X64/RdRand.obj
g:/uefi_edk2_practice/Build/AppPkg/RELEASE_VS2015x86/X64/MdePkg/Library/BaseLib/BaseLib/OUTPUT/X64/CpuPause.obj
g:/uefi_edk2_practice/Build/AppPkg/RELEASE_VS2015x86/X64/MdePkg/Library/BaseLib/BaseLib/OUTPUT/X64/EnableDisableInterrupts.obj
g:/uefi_edk2_practice/Build/AppPkg/RELEASE_VS2015x86/X64/MdePkg/Library/BaseLib/BaseLib/OUTPUT/X64/DisableInterrupts.obj
g:/uefi_edk2_practice/Build/AppPkg/RELEASE_VS2015x86/X64/MdePkg/Library/BaseLib/BaseLib/OUTPUT/X64/EnableInterrupts.obj
g:/uefi_edk2_practice/Build/AppPkg/RELEASE_VS2015x86/X64/MdePkg/Library/BaseLib/BaseLib/OUTPUT/X64/FlushCacheLine.obj
g:/uefi_edk2_practice/Build/AppPkg/RELEASE_VS2015x86/X64/MdePkg/Library/BaseLib/BaseLib/OUTPUT/X64/Invd.obj
g:/uefi_edk2_practice/Build/AppPkg/RELEASE_VS2015x86/X64/MdePkg/Library/BaseLib/BaseLib/OUTPUT/X64/Wbinvd.obj
g:/uefi_edk2_practice/Build/AppPkg/RELEASE_VS2015x86/X64/MdePkg/Library/BaseLib/BaseLib/OUTPUT/X64/DisablePaging64.obj
g:/uefi_edk2_practice/Build/AppPkg/RELEASE_VS2015x86/X64/MdePkg/Library/BaseLib/BaseLib/OUTPUT/X64/Mwait.obj
g:/uefi_edk2_practice/Build/AppPkg/RELEASE_VS2015x86/X64/MdePkg/Library/BaseLib/BaseLib/OUTPUT/X64/Monitor.obj
g:/uefi_edk2_practice/Build/AppPkg/RELEASE_VS2015x86/X64/MdePkg/Library/BaseLib/BaseLib/OUTPUT/X64/ReadPmc.obj
g:/uefi_edk2_practice/Build/AppPkg/RELEASE_VS2015x86/X64/MdePkg/Library/BaseLib/BaseLib/OUTPUT/X64/ReadTsc.obj
g:/uefi_edk2_practice/Build/AppPkg/RELEASE_VS2015x86/X64/MdePkg/Library/BaseLib/BaseLib/OUTPUT/X64/WriteMm7.obj
g:/uefi_edk2_practice/Build/AppPkg/RELEASE_VS2015x86/X64/MdePkg/Library/BaseLib/BaseLib/OUTPUT/X64/WriteMm6.obj
g:/uefi_edk2_practice/Build/AppPkg/RELEASE_VS2015x86/X64/MdePkg/Library/BaseLib/BaseLib/OUTPUT/X64/WriteMm5.obj
g:/uefi_edk2_practice/Build/AppPkg/RELEASE_VS2015x86/X64/MdePkg/Library/BaseLib/BaseLib/OUTPUT/X64/WriteMm4.obj
g:/uefi_edk2_practice/Build/AppPkg/RELEASE_VS2015x86/X64/MdePkg/Library/BaseLib/BaseLib/OUTPUT/X64/WriteMm3.obj
g:/uefi_edk2_practice/Build/AppPkg/RELEASE_VS2015x86/X64/MdePkg/Library/BaseLib/BaseLib/OUTPUT/X64/WriteMm2.obj
g:/uefi_edk2_practice/Build/AppPkg/RELEASE_VS2015x86/X64/MdePkg/Library/BaseLib/BaseLib/OUTPUT/X64/WriteMm1.obj
g:/uefi_edk2_practice/Build/AppPkg/RELEASE_VS2015x86/X64/MdePkg/Library/BaseLib/BaseLib/OUTPUT/X64/WriteMm0.obj
g:/uefi_edk2_practice/Build/AppPkg/RELEASE_VS2015x86/X64/MdePkg/Library/BaseLib/BaseLib/OUTPUT/X64/ReadMm7.obj
g:/uefi_edk2_practice/Build/AppPkg/RELEASE_VS2015x86/X64/MdePkg/Library/BaseLib/BaseLib/OUTPUT/X64/ReadMm6.obj
g:/uefi_edk2_practice/Build/AppPkg/RELEASE_VS2015x86/X64/MdePkg/Library/BaseLib/BaseLib/OUTPUT/X64/ReadMm5.obj
g:/uefi_edk2_practice/Build/AppPkg/RELEASE_VS2015x86/X64/MdePkg/Library/BaseLib/BaseLib/OUTPUT/X64/ReadMm4.obj
g:/uefi_edk2_practice/Build/AppPkg/RELEASE_VS2015x86/X64/MdePkg/Library/BaseLib/BaseLib/OUTPUT/X64/ReadMm3.obj
g:/uefi_edk2_practice/Build/AppPkg/RELEASE_VS2015x86/X64/MdePkg/Library/BaseLib/BaseLib/OUTPUT/X64/ReadMm2.obj
g:/uefi_edk2_practice/Build/AppPkg/RELEASE_VS2015x86/X64/MdePkg/Library/BaseLib/BaseLib/OUTPUT/X64/ReadMm1.obj
g:/uefi_edk2_practice/Build/AppPkg/RELEASE_VS2015x86/X64/MdePkg/Library/BaseLib/BaseLib/OUTPUT/X64/ReadMm0.obj
g:/uefi_edk2_practice/Build/AppPkg/RELEASE_VS2015x86/X64/MdePkg/Library/BaseLib/BaseLib/OUTPUT/X64/FxRestore.obj
g:/uefi_edk2_practice/Build/AppPkg/RELEASE_VS2015x86/X64/MdePkg/Library/BaseLib/BaseLib/OUTPUT/X64/FxSave.obj
g:/uefi_edk2_practice/Build/AppPkg/RELEASE_VS2015x86/X64/MdePkg/Library/BaseLib/BaseLib/OUTPUT/X64/WriteLdtr.obj
g:/uefi_edk2_practice/Build/AppPkg/RELEASE_VS2015x86/X64/MdePkg/Library/BaseLib/BaseLib/OUTPUT/X64/ReadLdtr.obj
g:/uefi_edk2_practice/Build/AppPkg/RELEASE_VS2015x86/X64/MdePkg/Library/BaseLib/BaseLib/OUTPUT/X64/WriteIdtr.obj
g:/uefi_edk2_practice/Build/AppPkg/RELEASE_VS2015x86/X64/MdePkg/Library/BaseLib/BaseLib/OUTPUT/X64/ReadIdtr.obj
g:/uefi_edk2_practice/Build/AppPkg/RELEASE_VS2015x86/X64/MdePkg/Library/BaseLib/BaseLib/OUTPUT/X64/WriteGdtr.obj
g:/uefi_edk2_practice/Build/AppPkg/RELEASE_VS2015x86/X64/MdePkg/Library/BaseLib/BaseLib/OUTPUT/X64/ReadGdtr.obj
g:/uefi_edk2_practice/Build/AppPkg/RELEASE_VS2015x86/X64/MdePkg/Library/BaseLib/BaseLib/OUTPUT/X64/ReadTr.obj
g:/uefi_edk2_practice/Build/AppPkg/RELEASE_VS2015x86/X64/MdePkg/Library/BaseLib/BaseLib/OUTPUT/X64/ReadSs.obj
g:/uefi_edk2_practice/Build/AppPkg/RELEASE_VS2015x86/X64/MdePkg/Library/BaseLib/BaseLib/OUTPUT/X64/ReadGs.obj
g:/uefi_edk2_practice/Build/AppPkg/RELEASE_VS2015x86/X64/MdePkg/Library/BaseLib/BaseLib/OUTPUT/X64/ReadFs.obj
g:/uefi_edk2_practice/Build/AppPkg/RELEASE_VS2015x86/X64/MdePkg/Library/BaseLib/BaseLib/OUTPUT/X64/ReadEs.obj
g:/uefi_edk2_practice/Build/AppPkg/RELEASE_VS2015x86/X64/MdePkg/Library/BaseLib/BaseLib/OUTPUT/X64/ReadDs.obj
g:/uefi_edk2_practice/Build/AppPkg/RELEASE_VS2015x86/X64/MdePkg/Library/BaseLib/BaseLib/OUTPUT/X64/ReadCs.obj
g:/uefi_edk2_practice/Build/AppPkg/RELEASE_VS2015x86/X64/MdePkg/Library/BaseLib/BaseLib/OUTPUT/X64/WriteDr7.obj
g:/uefi_edk2_practice/Build/AppPkg/RELEASE_VS2015x86/X64/MdePkg/Library/BaseLib/BaseLib/OUTPUT/X64/WriteDr6.obj
g:/uefi_edk2_practice/Build/AppPkg/RELEASE_VS2015x86/X64/MdePkg/Library/BaseLib/BaseLib/OUTPUT/X64/WriteDr5.obj
g:/uefi_edk2_practice/Build/AppPkg/RELEASE_VS2015x86/X64/MdePkg/Library/BaseLib/BaseLib/OUTPUT/X64/WriteDr4.obj
g:/uefi_edk2_practice/Build/AppPkg/RELEASE_VS2015x86/X64/MdePkg/Library/BaseLib/BaseLib/OUTPUT/X64/WriteDr3.obj
g:/uefi_edk2_practice/Build/AppPkg/RELEASE_VS2015x86/X64/MdePkg/Library/BaseLib/BaseLib/OUTPUT/X64/WriteDr2.obj
g:/uefi_edk2_practice/Build/AppPkg/RELEASE_VS2015x86/X64/MdePkg/Library/BaseLib/BaseLib/OUTPUT/X64/WriteDr1.obj
g:/uefi_edk2_practice/Build/AppPkg/RELEASE_VS2015x86/X64/MdePkg/Library/BaseLib/BaseLib/OUTPUT/X64/WriteDr0.obj
g:/uefi_edk2_practice/Build/AppPkg/RELEASE_VS2015x86/X64/MdePkg/Library/BaseLib/BaseLib/OUTPUT/X64/ReadDr7.obj
g:/uefi_edk2_practice/Build/AppPkg/RELEASE_VS2015x86/X64/MdePkg/Library/BaseLib/BaseLib/OUTPUT/X64/ReadDr6.obj
g:/uefi_edk2_practice/Build/AppPkg/RELEASE_VS2015x86/X64/MdePkg/Library/BaseLib/BaseLib/OUTPUT/X64/ReadDr5.obj
g:/uefi_edk2_practice/Build/AppPkg/RELEASE_VS2015x86/X64/MdePkg/Library/BaseLib/BaseLib/OUTPUT/X64/ReadDr4.obj
g:/uefi_edk2_practice/Build/AppPkg/RELEASE_VS2015x86/X64/MdePkg/Library/BaseLib/BaseLib/OUTPUT/X64/ReadDr3.obj
g:/uefi_edk2_practice/Build/AppPkg/RELEASE_VS2015x86/X64/MdePkg/Library/BaseLib/BaseLib/OUTPUT/X64/ReadDr2.obj
g:/uefi_edk2_practice/Build/AppPkg/RELEASE_VS2015x86/X64/MdePkg/Library/BaseLib/BaseLib/OUTPUT/X64/ReadDr1.obj
g:/uefi_edk2_practice/Build/AppPkg/RELEASE_VS2015x86/X64/MdePkg/Library/BaseLib/BaseLib/OUTPUT/X64/ReadDr0.obj
g:/uefi_edk2_practice/Build/AppPkg/RELEASE_VS2015x86/X64/MdePkg/Library/BaseLib/BaseLib/OUTPUT/X64/WriteCr4.obj
g:/uefi_edk2_practice/Build/AppPkg/RELEASE_VS2015x86/X64/MdePkg/Library/BaseLib/BaseLib/OUTPUT/X64/WriteCr3.obj
g:/uefi_edk2_practice/Build/AppPkg/RELEASE_VS2015x86/X64/MdePkg/Library/BaseLib/BaseLib/OUTPUT/X64/WriteCr2.obj
g:/uefi_edk2_practice/Build/AppPkg/RELEASE_VS2015x86/X64/MdePkg/Library/BaseLib/BaseLib/OUTPUT/X64/WriteCr0.obj
g:/uefi_edk2_practice/Build/AppPkg/RELEASE_VS2015x86/X64/MdePkg/Library/BaseLib/BaseLib/OUTPUT/X64/ReadCr4.obj
g:/uefi_edk2_practice/Build/AppPkg/RELEASE_VS2015x86/X64/MdePkg/Library/BaseLib/BaseLib/OUTPUT/X64/ReadCr3.obj
g:/uefi_edk2_practice/Build/AppPkg/RELEASE_VS2015x86/X64/MdePkg/Library/BaseLib/BaseLib/OUTPUT/X64/ReadCr2.obj
g:/uefi_edk2_practice/Build/AppPkg/RELEASE_VS2015x86/X64/MdePkg/Library/BaseLib/BaseLib/OUTPUT/X64/ReadCr0.obj
g:/uefi_edk2_practice/Build/AppPkg/RELEASE_VS2015x86/X64/MdePkg/Library/BaseLib/BaseLib/OUTPUT/X64/ReadEflags.obj
g:/uefi_edk2_practice/Build/AppPkg/RELEASE_VS2015x86/X64/MdePkg/Library/BaseLib/BaseLib/OUTPUT/X64/Non-existing.obj
g:/uefi_edk2_practice/Build/AppPkg/RELEASE_VS2015x86/X64/MdePkg/Library/BaseLib/BaseLib/OUTPUT/Math64.obj
g:/uefi_edk2_practice/Build/AppPkg/RELEASE_VS2015x86/X64/MdePkg/Library/BaseLib/BaseLib/OUTPUT/Unaligned.obj
g:/uefi_edk2_practice/Build/AppPkg/RELEASE_VS2015x86/X64/MdePkg/Library/BaseLib/BaseLib/OUTPUT/X86WriteIdtr.obj
g:/uefi_edk2_practice/Build/AppPkg/RELEASE_VS2015x86/X64/MdePkg/Library/BaseLib/BaseLib/OUTPUT/X86WriteGdtr.obj
g:/uefi_edk2_practice/Build/AppPkg/RELEASE_VS2015x86/X64/MdePkg/Library/BaseLib/BaseLib/OUTPUT/X86Thunk.obj
g:/uefi_edk2_practice/Build/AppPkg/RELEASE_VS2015x86/X64/MdePkg/Library/BaseLib/BaseLib/OUTPUT/X86ReadIdtr.obj
g:/uefi_edk2_practice/Build/AppPkg/RELEASE_VS2015x86/X64/MdePkg/Library/BaseLib/BaseLib/OUTPUT/X86ReadGdtr.obj
g:/uefi_edk2_practice/Build/AppPkg/RELEASE_VS2015x86/X64/MdePkg/Library/BaseLib/BaseLib/OUTPUT/X86Msr.obj
g:/uefi_edk2_practice/Build/AppPkg/RELEASE_VS2015x86/X64/MdePkg/Library/BaseLib/BaseLib/OUTPUT/X86MemoryFence.obj
g:/uefi_edk2_practice/Build/AppPkg/RELEASE_VS2015x86/X64/MdePkg/Library/BaseLib/BaseLib/OUTPUT/X86GetInterruptState.obj
g:/uefi_edk2_practice/Build/AppPkg/RELEASE_VS2015x86/X64/MdePkg/Library/BaseLib/BaseLib/OUTPUT/X86FxSave.obj
g:/uefi_edk2_practice/Build/AppPkg/RELEASE_VS2015x86/X64/MdePkg/Library/BaseLib/BaseLib/OUTPUT/X86FxRestore.obj
g:/uefi_edk2_practice/Build/AppPkg/RELEASE_VS2015x86/X64/MdePkg/Library/BaseLib/BaseLib/OUTPUT/X86EnablePaging64.obj
g:/uefi_edk2_practice/Build/AppPkg/RELEASE_VS2015x86/X64/MdePkg/Library/BaseLib/BaseLib/OUTPUT/X86EnablePaging32.obj
g:/uefi_edk2_practice/Build/AppPkg/RELEASE_VS2015x86/X64/MdePkg/Library/BaseLib/BaseLib/OUTPUT/X86DisablePaging64.obj
g:/uefi_edk2_practice/Build/AppPkg/RELEASE_VS2015x86/X64/MdePkg/Library/BaseLib/BaseLib/OUTPUT/X86DisablePaging32.obj
g:/uefi_edk2_practice/Build/AppPkg/RELEASE_VS2015x86/X64/MdePkg/Library/BaseLib/BaseLib/OUTPUT/X86RdRand.obj