g:/uefi_edk2_practice/Build/AppPkg/RELEASE_VS2015x86/X64/StdLib/BsdSocketLib/BsdSocketLib/OUTPUT/accept.obj
g:/uefi_edk2_practice/Build/AppPkg/RELEASE_VS2015x86/X64/StdLib/BsdSocketLib/BsdSocketLib/OUTPUT/base64.obj
g:/uefi_edk2_practice/Build/AppPkg/RELEASE_VS2015x86/X64/StdLib/BsdSocketLib/BsdSocketLib/OUTPUT/bind.obj
g:/uefi_edk2_practice/Build/AppPkg/RELEASE_VS2015x86/X64/StdLib/BsdSocketLib/BsdSocketLib/OUTPUT/close.obj
g:/uefi_edk2_practice/Build/AppPkg/RELEASE_VS2015x86/X64/StdLib/BsdSocketLib/BsdSocketLib/OUTPUT/connect.obj
g:/uefi_edk2_practice/Build/AppPkg/RELEASE_VS2015x86/X64/StdLib/BsdSocketLib/BsdSocketLib/OUTPUT/getaddrinfo.obj
g:/uefi_edk2_practice/Build/AppPkg/RELEASE_VS2015x86/X64/StdLib/BsdSocketLib/BsdSocketLib/OUTPUT/gethostbydns.obj
g:/uefi_edk2_practice/Build/AppPkg/RELEASE_VS2015x86/X64/StdLib/BsdSocketLib/BsdSocketLib/OUTPUT/gethostbyht.obj
g:/uefi_edk2_practice/Build/AppPkg/RELEASE_VS2015x86/X64/StdLib/BsdSocketLib/BsdSocketLib/OUTPUT/gethostbynis.obj
g:/uefi_edk2_practice/Build/AppPkg/RELEASE_VS2015x86/X64/StdLib/BsdSocketLib/BsdSocketLib/OUTPUT/gethostname.obj
g:/uefi_edk2_practice/Build/AppPkg/RELEASE_VS2015x86/X64/StdLib/BsdSocketLib/BsdSocketLib/OUTPUT/gethostnamadr.obj
g:/uefi_edk2_practice/Build/AppPkg/RELEASE_VS2015x86/X64/StdLib/BsdSocketLib/BsdSocketLib/OUTPUT/getnameinfo.obj
g:/uefi_edk2_practice/Build/AppPkg/RELEASE_VS2015x86/X64/StdLib/BsdSocketLib/BsdSocketLib/OUTPUT/getnetbydns.obj
g:/uefi_edk2_practice/Build/AppPkg/RELEASE_VS2015x86/X64/StdLib/BsdSocketLib/BsdSocketLib/OUTPUT/getnetbynis.obj
g:/uefi_edk2_practice/Build/AppPkg/RELEASE_VS2015x86/X64/StdLib/BsdSocketLib/BsdSocketLib/OUTPUT/getnetbyht.obj
g:/uefi_edk2_practice/Build/AppPkg/RELEASE_VS2015x86/X64/StdLib/BsdSocketLib/BsdSocketLib/OUTPUT/getnetnamadr.obj
g:/uefi_edk2_practice/Build/AppPkg/RELEASE_VS2015x86/X64/StdLib/BsdSocketLib/BsdSocketLib/OUTPUT/getpeername.obj
g:/uefi_edk2_practice/Build/AppPkg/RELEASE_VS2015x86/X64/StdLib/BsdSocketLib/BsdSocketLib/OUTPUT/getprotoent.obj
g:/uefi_edk2_practice/Build/AppPkg/RELEASE_VS2015x86/X64/StdLib/BsdSocketLib/BsdSocketLib/OUTPUT/getprotoname.obj
g:/uefi_edk2_practice/Build/AppPkg/RELEASE_VS2015x86/X64/StdLib/BsdSocketLib/BsdSocketLib/OUTPUT/getproto.obj
g:/uefi_edk2_practice/Build/AppPkg/RELEASE_VS2015x86/X64/StdLib/BsdSocketLib/BsdSocketLib/OUTPUT/getservbyname.obj
g:/uefi_edk2_practice/Build/AppPkg/RELEASE_VS2015x86/X64/StdLib/BsdSocketLib/BsdSocketLib/OUTPUT/getservbyport.obj
g:/uefi_edk2_practice/Build/AppPkg/RELEASE_VS2015x86/X64/StdLib/BsdSocketLib/BsdSocketLib/OUTPUT/getservent.obj
g:/uefi_edk2_practice/Build/AppPkg/RELEASE_VS2015x86/X64/StdLib/BsdSocketLib/BsdSocketLib/OUTPUT/getsockname.obj
g:/uefi_edk2_practice/Build/AppPkg/RELEASE_VS2015x86/X64/StdLib/BsdSocketLib/BsdSocketLib/OUTPUT/getsockopt.obj
g:/uefi_edk2_practice/Build/AppPkg/RELEASE_VS2015x86/X64/StdLib/BsdSocketLib/BsdSocketLib/OUTPUT/herror.obj
g:/uefi_edk2_practice/Build/AppPkg/RELEASE_VS2015x86/X64/StdLib/BsdSocketLib/BsdSocketLib/OUTPUT/inet_net_ntop.obj
g:/uefi_edk2_practice/Build/AppPkg/RELEASE_VS2015x86/X64/StdLib/BsdSocketLib/BsdSocketLib/OUTPUT/inet_net_pton.obj
g:/uefi_edk2_practice/Build/AppPkg/RELEASE_VS2015x86/X64/StdLib/BsdSocketLib/BsdSocketLib/OUTPUT/inet_neta.obj
g:/uefi_edk2_practice/Build/AppPkg/RELEASE_VS2015x86/X64/StdLib/BsdSocketLib/BsdSocketLib/OUTPUT/inet_pton.obj
g:/uefi_edk2_practice/Build/AppPkg/RELEASE_VS2015x86/X64/StdLib/BsdSocketLib/BsdSocketLib/OUTPUT/Ip6Addr_Any.obj
g:/uefi_edk2_practice/Build/AppPkg/RELEASE_VS2015x86/X64/StdLib/BsdSocketLib/BsdSocketLib/OUTPUT/Ip6Addr_Loopback.obj
g:/uefi_edk2_practice/Build/AppPkg/RELEASE_VS2015x86/X64/StdLib/BsdSocketLib/BsdSocketLib/OUTPUT/Ip6Addr_NodeLocal_AllNodes.obj
g:/uefi_edk2_practice/Build/AppPkg/RELEASE_VS2015x86/X64/StdLib/BsdSocketLib/BsdSocketLib/OUTPUT/Ip6Addr_LinkLocal_AllNodes.obj
g:/uefi_edk2_practice/Build/AppPkg/RELEASE_VS2015x86/X64/StdLib/BsdSocketLib/BsdSocketLib/OUTPUT/Ip6Addr_LinkLocal_AllRouters.obj
g:/uefi_edk2_practice/Build/AppPkg/RELEASE_VS2015x86/X64/StdLib/BsdSocketLib/BsdSocketLib/OUTPUT/listen.obj
g:/uefi_edk2_practice/Build/AppPkg/RELEASE_VS2015x86/X64/StdLib/BsdSocketLib/BsdSocketLib/OUTPUT/map_v4v6.obj
g:/uefi_edk2_practice/Build/AppPkg/RELEASE_VS2015x86/X64/StdLib/BsdSocketLib/BsdSocketLib/OUTPUT/ns_addr.obj
g:/uefi_edk2_practice/Build/AppPkg/RELEASE_VS2015x86/X64/StdLib/BsdSocketLib/BsdSocketLib/OUTPUT/ns_name.obj
g:/uefi_edk2_practice/Build/AppPkg/RELEASE_VS2015x86/X64/StdLib/BsdSocketLib/BsdSocketLib/OUTPUT/ns_netint.obj
g:/uefi_edk2_practice/Build/AppPkg/RELEASE_VS2015x86/X64/StdLib/BsdSocketLib/BsdSocketLib/OUTPUT/ns_ntoa.obj
g:/uefi_edk2_practice/Build/AppPkg/RELEASE_VS2015x86/X64/StdLib/BsdSocketLib/BsdSocketLib/OUTPUT/ns_parse.obj
g:/uefi_edk2_practice/Build/AppPkg/RELEASE_VS2015x86/X64/StdLib/BsdSocketLib/BsdSocketLib/OUTPUT/ns_print.obj
g:/uefi_edk2_practice/Build/AppPkg/RELEASE_VS2015x86/X64/StdLib/BsdSocketLib/BsdSocketLib/OUTPUT/ns_ttl.obj
g:/uefi_edk2_practice/Build/AppPkg/RELEASE_VS2015x86/X64/StdLib/BsdSocketLib/BsdSocketLib/OUTPUT/nsap_addr.obj
g:/uefi_edk2_practice/Build/AppPkg/RELEASE_VS2015x86/X64/StdLib/BsdSocketLib/BsdSocketLib/OUTPUT/poll.obj
g:/uefi_edk2_practice/Build/AppPkg/RELEASE_VS2015x86/X64/StdLib/BsdSocketLib/BsdSocketLib/OUTPUT/read.obj
g:/uefi_edk2_practice/Build/AppPkg/RELEASE_VS2015x86/X64/StdLib/BsdSocketLib/BsdSocketLib/OUTPUT/recv.obj
g:/uefi_edk2_practice/Build/AppPkg/RELEASE_VS2015x86/X64/StdLib/BsdSocketLib/BsdSocketLib/OUTPUT/recvfrom.obj
g:/uefi_edk2_practice/Build/AppPkg/RELEASE_VS2015x86/X64/StdLib/BsdSocketLib/BsdSocketLib/OUTPUT/res_comp.obj
g:/uefi_edk2_practice/Build/AppPkg/RELEASE_VS2015x86/X64/StdLib/BsdSocketLib/BsdSocketLib/OUTPUT/res_data.obj
g:/uefi_edk2_practice/Build/AppPkg/RELEASE_VS2015x86/X64/StdLib/BsdSocketLib/BsdSocketLib/OUTPUT/res_debug.obj
g:/uefi_edk2_practice/Build/AppPkg/RELEASE_VS2015x86/X64/StdLib/BsdSocketLib/BsdSocketLib/OUTPUT/res_init.obj
g:/uefi_edk2_practice/Build/AppPkg/RELEASE_VS2015x86/X64/StdLib/BsdSocketLib/BsdSocketLib/OUTPUT/res_mkquery.obj
g:/uefi_edk2_practice/Build/AppPkg/RELEASE_VS2015x86/X64/StdLib/BsdSocketLib/BsdSocketLib/OUTPUT/res_mkupdate.obj
g:/uefi_edk2_practice/Build/AppPkg/RELEASE_VS2015x86/X64/StdLib/BsdSocketLib/BsdSocketLib/OUTPUT/res_query.obj
g:/uefi_edk2_practice/Build/AppPkg/RELEASE_VS2015x86/X64/StdLib/BsdSocketLib/BsdSocketLib/OUTPUT/res_send.obj
g:/uefi_edk2_practice/Build/AppPkg/RELEASE_VS2015x86/X64/StdLib/BsdSocketLib/BsdSocketLib/OUTPUT/res_update.obj
g:/uefi_edk2_practice/Build/AppPkg/RELEASE_VS2015x86/X64/StdLib/BsdSocketLib/BsdSocketLib/OUTPUT/send.obj
g:/uefi_edk2_practice/Build/AppPkg/RELEASE_VS2015x86/X64/StdLib/BsdSocketLib/BsdSocketLib/OUTPUT/sendto.obj
g:/uefi_edk2_practice/Build/AppPkg/RELEASE_VS2015x86/X64/StdLib/BsdSocketLib/BsdSocketLib/OUTPUT/sethostname.obj
g:/uefi_edk2_practice/Build/AppPkg/RELEASE_VS2015x86/X64/StdLib/BsdSocketLib/BsdSocketLib/OUTPUT/setsockopt.obj
g:/uefi_edk2_practice/Build/AppPkg/RELEASE_VS2015x86/X64/StdLib/BsdSocketLib/BsdSocketLib/OUTPUT/shutdown.obj
g:/uefi_edk2_practice/Build/AppPkg/RELEASE_VS2015x86/X64/StdLib/BsdSocketLib/BsdSocketLib/OUTPUT/socket.obj
g:/uefi_edk2_practice/Build/AppPkg/RELEASE_VS2015x86/X64/StdLib/BsdSocketLib/BsdSocketLib/OUTPUT/write.obj