g:/uefi_edk2_practice/Build/AppPkg/RELEASE_VS2015x86/X64/StdLib/LibC/Locale/Locale/OUTPUT/__mb_cur_max.obj
g:/uefi_edk2_practice/Build/AppPkg/RELEASE_VS2015x86/X64/StdLib/LibC/Locale/Locale/OUTPUT/_def_messages.obj
g:/uefi_edk2_practice/Build/AppPkg/RELEASE_VS2015x86/X64/StdLib/LibC/Locale/Locale/OUTPUT/_def_monetary.obj
g:/uefi_edk2_practice/Build/AppPkg/RELEASE_VS2015x86/X64/StdLib/LibC/Locale/Locale/OUTPUT/_def_numeric.obj
g:/uefi_edk2_practice/Build/AppPkg/RELEASE_VS2015x86/X64/StdLib/LibC/Locale/Locale/OUTPUT/_def_time.obj
g:/uefi_edk2_practice/Build/AppPkg/RELEASE_VS2015x86/X64/StdLib/LibC/Locale/Locale/OUTPUT/aliasname.obj
g:/uefi_edk2_practice/Build/AppPkg/RELEASE_VS2015x86/X64/StdLib/LibC/Locale/Locale/OUTPUT/ctypeio.obj
g:/uefi_edk2_practice/Build/AppPkg/RELEASE_VS2015x86/X64/StdLib/LibC/Locale/Locale/OUTPUT/localeconv.obj
g:/uefi_edk2_practice/Build/AppPkg/RELEASE_VS2015x86/X64/StdLib/LibC/Locale/Locale/OUTPUT/nl_langinfo.obj
g:/uefi_edk2_practice/Build/AppPkg/RELEASE_VS2015x86/X64/StdLib/LibC/Locale/Locale/OUTPUT/setlocale1.obj
g:/uefi_edk2_practice/Build/AppPkg/RELEASE_VS2015x86/X64/StdLib/LibC/Locale/Locale/OUTPUT/setlocale32.obj
g:/uefi_edk2_practice/Build/AppPkg/RELEASE_VS2015x86/X64/StdLib/LibC/Locale/Locale/OUTPUT/setlocale.obj
g:/uefi_edk2_practice/Build/AppPkg/RELEASE_VS2015x86/X64/StdLib/LibC/Locale/Locale/OUTPUT/wcscoll.obj
g:/uefi_edk2_practice/Build/AppPkg/RELEASE_VS2015x86/X64/StdLib/LibC/Locale/Locale/OUTPUT/wcsftime.obj
g:/uefi_edk2_practice/Build/AppPkg/RELEASE_VS2015x86/X64/StdLib/LibC/Locale/Locale/OUTPUT/wcstoimax.obj
g:/uefi_edk2_practice/Build/AppPkg/RELEASE_VS2015x86/X64/StdLib/LibC/Locale/Locale/OUTPUT/wcstol.obj
g:/uefi_edk2_practice/Build/AppPkg/RELEASE_VS2015x86/X64/StdLib/LibC/Locale/Locale/OUTPUT/wcstoll.obj
g:/uefi_edk2_practice/Build/AppPkg/RELEASE_VS2015x86/X64/StdLib/LibC/Locale/Locale/OUTPUT/wcstoul.obj
g:/uefi_edk2_practice/Build/AppPkg/RELEASE_VS2015x86/X64/StdLib/LibC/Locale/Locale/OUTPUT/wcstoull.obj
g:/uefi_edk2_practice/Build/AppPkg/RELEASE_VS2015x86/X64/StdLib/LibC/Locale/Locale/OUTPUT/wcstoumax.obj
g:/uefi_edk2_practice/Build/AppPkg/RELEASE_VS2015x86/X64/StdLib/LibC/Locale/Locale/OUTPUT/wcstod.obj
g:/uefi_edk2_practice/Build/AppPkg/RELEASE_VS2015x86/X64/StdLib/LibC/Locale/Locale/OUTPUT/wcstof.obj
g:/uefi_edk2_practice/Build/AppPkg/RELEASE_VS2015x86/X64/StdLib/LibC/Locale/Locale/OUTPUT/wcstold.obj
g:/uefi_edk2_practice/Build/AppPkg/RELEASE_VS2015x86/X64/StdLib/LibC/Locale/Locale/OUTPUT/wcsxfrm.obj
g:/uefi_edk2_practice/Build/AppPkg/RELEASE_VS2015x86/X64/StdLib/LibC/Locale/Locale/OUTPUT/multibyte_Utf8.obj
g:/uefi_edk2_practice/Build/AppPkg/RELEASE_VS2015x86/X64/StdLib/LibC/Locale/Locale/OUTPUT/iswctype_sb.obj