g:/uefi_edk2_practice/Build/AppPkg/RELEASE_VS2015x86/X64/StdLib/LibC/Signal/Signal/OUTPUT/LibSignal.lib
g:/uefi_edk2_practice/Build/AppPkg/RELEASE_VS2015x86/X64/StdLib/LibC/Uefi/Devices/daUtility/OUTPUT/DevUtility.lib
g:/uefi_edk2_practice/Build/AppPkg/RELEASE_VS2015x86/X64/StdLib/PosixLib/Gen/LibGen/OUTPUT/LibGen.lib
g:/uefi_edk2_practice/Build/AppPkg/RELEASE_VS2015x86/X64/StdLib/LibC/Uefi/Uefi/OUTPUT/LibUefi.lib
g:/uefi_edk2_practice/Build/AppPkg/RELEASE_VS2015x86/X64/StdLib/LibC/Time/Time/OUTPUT/LibTime.lib
g:/uefi_edk2_practice/Build/AppPkg/RELEASE_VS2015x86/X64/StdLib/LibC/Locale/Locale/OUTPUT/LibLocale.lib
g:/uefi_edk2_practice/Build/AppPkg/RELEASE_VS2015x86/X64/StdLib/LibC/gdtoa/gdtoa/OUTPUT/LibGdtoa.lib
g:/uefi_edk2_practice/Build/AppPkg/RELEASE_VS2015x86/X64/StdLib/LibC/Ctype/Ctype/OUTPUT/LibCtype.lib
g:/uefi_edk2_practice/Build/AppPkg/RELEASE_VS2015x86/X64/StdLib/LibC/String/String/OUTPUT/LibString.lib
g:/uefi_edk2_practice/Build/AppPkg/RELEASE_VS2015x86/X64/StdLib/LibC/Stdio/Stdio/OUTPUT/LibStdio.lib
g:/uefi_edk2_practice/Build/AppPkg/RELEASE_VS2015x86/X64/StdLib/LibC/StdLib/StdLib/OUTPUT/LibStdLib.lib
g:/uefi_edk2_practice/Build/AppPkg/RELEASE_VS2015x86/X64/MdePkg/Library/UefiApplicationEntryPoint/UefiApplicationEntryPoint/OUTPUT/UefiApplicationEntryPoint.lib
g:/uefi_edk2_practice/Build/AppPkg/RELEASE_VS2015x86/X64/MdePkg/Library/BaseLib/BaseLib/OUTPUT/BaseLib.lib
g:/uefi_edk2_practice/Build/AppPkg/RELEASE_VS2015x86/X64/MdePkg/Library/UefiMemoryAllocationLib/UefiMemoryAllocationLib/OUTPUT/UefiMemoryAllocationLib.lib
g:/uefi_edk2_practice/Build/AppPkg/RELEASE_VS2015x86/X64/MdePkg/Library/BasePcdLibNull/BasePcdLibNull/OUTPUT/BasePcdLibNull.lib
g:/uefi_edk2_practice/Build/AppPkg/RELEASE_VS2015x86/X64/MdePkg/Library/BasePrintLib/BasePrintLib/OUTPUT/BasePrintLib.lib
g:/uefi_edk2_practice/Build/AppPkg/RELEASE_VS2015x86/X64/ShellPkg/Library/UefiShellCEntryLib/UefiShellCEntryLib/OUTPUT/UefiShellCEntryLib.lib
g:/uefi_edk2_practice/Build/AppPkg/RELEASE_VS2015x86/X64/StdLib/LibC/LibC/OUTPUT/LibC.lib
g:/uefi_edk2_practice/Build/AppPkg/RELEASE_VS2015x86/X64/MdePkg/Library/BaseDebugLibNull/BaseDebugLibNull/OUTPUT/BaseDebugLibNull.lib
g:/uefi_edk2_practice/Build/AppPkg/RELEASE_VS2015x86/X64/MdePkg/Library/BaseMemoryLib/BaseMemoryLib/OUTPUT/BaseMemoryLib.lib
g:/uefi_edk2_practice/Build/AppPkg/RELEASE_VS2015x86/X64/StdLib/LibC/Containers/ContainerLib/OUTPUT/LibContainer.lib
g:/uefi_edk2_practice/Build/AppPkg/RELEASE_VS2015x86/X64/StdLib/LibC/Uefi/InteractiveIO/IIO/OUTPUT/LibIIO.lib
g:/uefi_edk2_practice/Build/AppPkg/RELEASE_VS2015x86/X64/StdLib/LibC/Wchar/Wchar/OUTPUT/LibWchar.lib
g:/uefi_edk2_practice/Build/AppPkg/RELEASE_VS2015x86/X64/MdePkg/Library/UefiBootServicesTableLib/UefiBootServicesTableLib/OUTPUT/UefiBootServicesTableLib.lib
g:/uefi_edk2_practice/Build/AppPkg/RELEASE_VS2015x86/X64/StdLib/LibC/Uefi/Devices/daConsole/OUTPUT/DevConsole.lib
g:/uefi_edk2_practice/Build/AppPkg/RELEASE_VS2015x86/X64/MdePkg/Library/UefiRuntimeServicesTableLib/UefiRuntimeServicesTableLib/OUTPUT/UefiRuntimeServicesTableLib.lib
g:/uefi_edk2_practice/Build/AppPkg/RELEASE_VS2015x86/X64/MdePkg/Library/UefiDevicePathLib/UefiDevicePathLib/OUTPUT/UefiDevicePathLib.lib
g:/uefi_edk2_practice/Build/AppPkg/RELEASE_VS2015x86/X64/MdePkg/Library/UefiLib/UefiLib/OUTPUT/UefiLib.lib
g:/uefi_edk2_practice/Build/AppPkg/RELEASE_VS2015x86/X64/MdeModulePkg/Library/UefiSortLib/UefiSortLib/OUTPUT/UefiSortLib.lib
g:/uefi_edk2_practice/Build/AppPkg/RELEASE_VS2015x86/X64/MdeModulePkg/Library/UefiHiiLib/UefiHiiLib/OUTPUT/UefiHiiLib.lib
g:/uefi_edk2_practice/Build/AppPkg/RELEASE_VS2015x86/X64/MdePkg/Library/UefiFileHandleLib/UefiFileHandleLib/OUTPUT/UefiFileHandleLib.lib
g:/uefi_edk2_practice/Build/AppPkg/RELEASE_VS2015x86/X64/ShellPkg/Library/UefiShellLib/UefiShellLib/OUTPUT/UefiShellLib.lib
g:/uefi_edk2_practice/Build/AppPkg/RELEASE_VS2015x86/X64/MdeModulePkg/Library/UefiHiiServicesLib/UefiHiiServicesLib/OUTPUT/UefiHiiServicesLib.lib
g:/uefi_edk2_practice/Build/AppPkg/RELEASE_VS2015x86/X64/StdLib/BsdSocketLib/BsdSocketLib/OUTPUT/BsdSocketLib.lib
g:/uefi_edk2_practice/Build/AppPkg/RELEASE_VS2015x86/X64/StdLib/LibC/Uefi/Devices/daShell/OUTPUT/DevShell.lib
g:/uefi_edk2_practice/Build/AppPkg/RELEASE_VS2015x86/X64/StdLib/EfiSocketLib/EfiSocketLib/OUTPUT/EfiSocketLib.lib
g:/uefi_edk2_practice/Build/AppPkg/RELEASE_VS2015x86/X64/StdLib/LibC/Math/Math/OUTPUT/LibMath.lib
g:/uefi_edk2_practice/Build/AppPkg/RELEASE_VS2015x86/X64/StdLib/LibC/NetUtil/NetUtil/OUTPUT/LibNetUtil.lib
g:/uefi_edk2_practice/Build/AppPkg/RELEASE_VS2015x86/X64/AppPkg/Applications/Sockets/GetHostByDns/GetHostByDns/OUTPUT/GetHostByDns.lib